{"/workspaces/lazarus-form-recovery/src/background/alarms.ts": {"path":"/workspaces/lazarus-form-recovery/src/background/alarms.ts","statementMap":{"0":{"start":{"line":4,"column":2},"end":{"line":4,"column":null}},"1":{"start":{"line":4,"column":22},"end":{"line":4,"column":null}},"2":{"start":{"line":7,"column":2},"end":{"line":9,"column":null}},"3":{"start":{"line":12,"column":0},"end":{"line":25,"column":null}},"4":{"start":{"line":13,"column":2},"end":{"line":24,"column":null}},"5":{"start":{"line":14,"column":4},"end":{"line":23,"column":null}},"6":{"start":{"line":15,"column":6},"end":{"line":22,"column":null}},"7":{"start":{"line":16,"column":29},"end":{"line":16,"column":null}},"8":{"start":{"line":17,"column":8},"end":{"line":19,"column":null}},"9":{"start":{"line":18,"column":10},"end":{"line":18,"column":null}},"10":{"start":{"line":21,"column":8},"end":{"line":21,"column":null}}},"fnMap":{"0":{"name":"setupAlarms","decl":{"start":{"line":3,"column":16},"end":{"line":3,"column":30}},"loc":{"start":{"line":3,"column":30},"end":{"line":10,"column":null}},"line":3},"1":{"name":"(anonymous_1)","decl":{"start":{"line":13,"column":36},"end":{"line":13,"column":43}},"loc":{"start":{"line":13,"column":53},"end":{"line":24,"column":3}},"line":13}},"branchMap":{"0":{"loc":{"start":{"line":4,"column":2},"end":{"line":4,"column":null}},"type":"if","locations":[{"start":{"line":4,"column":2},"end":{"line":4,"column":null}},{"start":{},"end":{}}],"line":4},"1":{"loc":{"start":{"line":12,"column":0},"end":{"line":25,"column":null}},"type":"if","locations":[{"start":{"line":12,"column":0},"end":{"line":25,"column":null}},{"start":{},"end":{}}],"line":12},"2":{"loc":{"start":{"line":14,"column":4},"end":{"line":23,"column":null}},"type":"if","locations":[{"start":{"line":14,"column":4},"end":{"line":23,"column":null}},{"start":{},"end":{}}],"line":14},"3":{"loc":{"start":{"line":17,"column":8},"end":{"line":19,"column":null}},"type":"if","locations":[{"start":{"line":17,"column":8},"end":{"line":19,"column":null}},{"start":{},"end":{}}],"line":17}},"s":{"0":7,"1":0,"2":7,"3":5,"4":5,"5":3,"6":2,"7":2,"8":1,"9":1,"10":1},"f":{"0":7,"1":3},"b":{"0":[0,7],"1":[5,0],"2":[2,1],"3":[1,0]},"meta":{"lastBranch":4,"lastFunction":2,"lastStatement":11,"seen":{"f:3:16:3:30":0,"b:4:2:4:Infinity:undefined:undefined:undefined:undefined":0,"s:4:2:4:Infinity":0,"s:4:22:4:Infinity":1,"s:7:2:9:Infinity":2,"b:12:0:25:Infinity:undefined:undefined:undefined:undefined":1,"s:12:0:25:Infinity":3,"s:13:2:24:Infinity":4,"f:13:36:13:43":1,"b:14:4:23:Infinity:undefined:undefined:undefined:undefined":2,"s:14:4:23:Infinity":5,"s:15:6:22:Infinity":6,"s:16:29:16:Infinity":7,"b:17:8:19:Infinity:undefined:undefined:undefined:undefined":3,"s:17:8:19:Infinity":8,"s:18:10:18:Infinity":9,"s:21:8:21:Infinity":10},"fnNames":{}}}
,"/workspaces/lazarus-form-recovery/src/background/context-menus.ts": {"path":"/workspaces/lazarus-form-recovery/src/background/context-menus.ts","statementMap":{"0":{"start":{"line":11,"column":37},"end":{"line":14,"column":null}},"1":{"start":{"line":17,"column":2},"end":{"line":17,"column":null}},"2":{"start":{"line":17,"column":28},"end":{"line":17,"column":null}},"3":{"start":{"line":19,"column":2},"end":{"line":21,"column":null}},"4":{"start":{"line":20,"column":4},"end":{"line":20,"column":null}},"5":{"start":{"line":26,"column":2},"end":{"line":30,"column":null}},"6":{"start":{"line":33,"column":2},"end":{"line":38,"column":null}},"7":{"start":{"line":41,"column":2},"end":{"line":46,"column":null}},"8":{"start":{"line":49,"column":2},"end":{"line":55,"column":null}},"9":{"start":{"line":58,"column":2},"end":{"line":63,"column":null}},"10":{"start":{"line":66,"column":2},"end":{"line":72,"column":null}},"11":{"start":{"line":75,"column":2},"end":{"line":80,"column":null}},"12":{"start":{"line":83,"column":2},"end":{"line":88,"column":null}},"13":{"start":{"line":100,"column":2},"end":{"line":100,"column":null}},"14":{"start":{"line":100,"column":28},"end":{"line":100,"column":null}},"15":{"start":{"line":102,"column":2},"end":{"line":135,"column":null}},"16":{"start":{"line":104,"column":31},"end":{"line":104,"column":null}},"17":{"start":{"line":105,"column":4},"end":{"line":107,"column":null}},"18":{"start":{"line":106,"column":6},"end":{"line":106,"column":null}},"19":{"start":{"line":108,"column":4},"end":{"line":110,"column":null}},"20":{"start":{"line":109,"column":6},"end":{"line":109,"column":null}},"21":{"start":{"line":113,"column":28},"end":{"line":113,"column":null}},"22":{"start":{"line":114,"column":4},"end":{"line":116,"column":null}},"23":{"start":{"line":115,"column":6},"end":{"line":115,"column":null}},"24":{"start":{"line":118,"column":4},"end":{"line":129,"column":null}},"25":{"start":{"line":119,"column":48},"end":{"line":124,"column":8}},"26":{"start":{"line":125,"column":39},"end":{"line":128,"column":8}},"27":{"start":{"line":132,"column":4},"end":{"line":132,"column":null}},"28":{"start":{"line":134,"column":4},"end":{"line":134,"column":null}},"29":{"start":{"line":139,"column":2},"end":{"line":139,"column":null}},"30":{"start":{"line":139,"column":28},"end":{"line":139,"column":null}},"31":{"start":{"line":143,"column":2},"end":{"line":148,"column":null}},"32":{"start":{"line":144,"column":4},"end":{"line":146,"column":null}},"33":{"start":{"line":144,"column":17},"end":{"line":144,"column":20}},"34":{"start":{"line":145,"column":6},"end":{"line":145,"column":null}},"35":{"start":{"line":145,"column":64},"end":{"line":145,"column":88}},"36":{"start":{"line":147,"column":4},"end":{"line":147,"column":null}},"37":{"start":{"line":147,"column":58},"end":{"line":147,"column":82}},"38":{"start":{"line":150,"column":2},"end":{"line":171,"column":null}},"39":{"start":{"line":151,"column":4},"end":{"line":157,"column":null}},"40":{"start":{"line":159,"column":4},"end":{"line":170,"column":null}},"41":{"start":{"line":160,"column":24},"end":{"line":160,"column":null}},"42":{"start":{"line":161,"column":24},"end":{"line":161,"column":null}},"43":{"start":{"line":162,"column":20},"end":{"line":162,"column":null}},"44":{"start":{"line":164,"column":6},"end":{"line":169,"column":null}},"45":{"start":{"line":174,"column":2},"end":{"line":179,"column":null}},"46":{"start":{"line":175,"column":4},"end":{"line":177,"column":null}},"47":{"start":{"line":175,"column":17},"end":{"line":175,"column":20}},"48":{"start":{"line":176,"column":6},"end":{"line":176,"column":null}},"49":{"start":{"line":176,"column":65},"end":{"line":176,"column":89}},"50":{"start":{"line":178,"column":4},"end":{"line":178,"column":null}},"51":{"start":{"line":178,"column":59},"end":{"line":178,"column":83}},"52":{"start":{"line":181,"column":2},"end":{"line":202,"column":null}},"53":{"start":{"line":182,"column":4},"end":{"line":188,"column":null}},"54":{"start":{"line":190,"column":4},"end":{"line":201,"column":null}},"55":{"start":{"line":191,"column":22},"end":{"line":191,"column":null}},"56":{"start":{"line":192,"column":24},"end":{"line":192,"column":null}},"57":{"start":{"line":193,"column":20},"end":{"line":193,"column":null}},"58":{"start":{"line":195,"column":6},"end":{"line":200,"column":null}},"59":{"start":{"line":206,"column":0},"end":{"line":268,"column":null}},"60":{"start":{"line":207,"column":2},"end":{"line":267,"column":null}},"61":{"start":{"line":208,"column":4},"end":{"line":208,"column":null}},"62":{"start":{"line":208,"column":30},"end":{"line":208,"column":null}},"63":{"start":{"line":210,"column":4},"end":{"line":266,"column":null}},"64":{"start":{"line":211,"column":18},"end":{"line":211,"column":null}},"65":{"start":{"line":212,"column":21},"end":{"line":212,"column":null}},"66":{"start":{"line":213,"column":21},"end":{"line":213,"column":null}},"67":{"start":{"line":215,"column":6},"end":{"line":219,"column":null}},"68":{"start":{"line":217,"column":8},"end":{"line":217,"column":null}},"69":{"start":{"line":218,"column":8},"end":{"line":218,"column":null}},"70":{"start":{"line":221,"column":6},"end":{"line":230,"column":null}},"71":{"start":{"line":222,"column":8},"end":{"line":228,"column":null}},"72":{"start":{"line":223,"column":10},"end":{"line":223,"column":null}},"73":{"start":{"line":224,"column":15},"end":{"line":228,"column":null}},"74":{"start":{"line":225,"column":10},"end":{"line":225,"column":null}},"75":{"start":{"line":227,"column":10},"end":{"line":227,"column":null}},"76":{"start":{"line":229,"column":8},"end":{"line":229,"column":null}},"77":{"start":{"line":232,"column":6},"end":{"line":237,"column":null}},"78":{"start":{"line":233,"column":8},"end":{"line":235,"column":null}},"79":{"start":{"line":234,"column":10},"end":{"line":234,"column":null}},"80":{"start":{"line":236,"column":8},"end":{"line":236,"column":null}},"81":{"start":{"line":240,"column":6},"end":{"line":250,"column":null}},"82":{"start":{"line":241,"column":20},"end":{"line":241,"column":null}},"83":{"start":{"line":242,"column":28},"end":{"line":242,"column":null}},"84":{"start":{"line":243,"column":8},"end":{"line":248,"column":null}},"85":{"start":{"line":244,"column":10},"end":{"line":247,"column":null}},"86":{"start":{"line":249,"column":8},"end":{"line":249,"column":null}},"87":{"start":{"line":253,"column":6},"end":{"line":263,"column":null}},"88":{"start":{"line":254,"column":20},"end":{"line":254,"column":null}},"89":{"start":{"line":255,"column":32},"end":{"line":255,"column":null}},"90":{"start":{"line":256,"column":8},"end":{"line":261,"column":null}},"91":{"start":{"line":257,"column":10},"end":{"line":260,"column":null}},"92":{"start":{"line":262,"column":8},"end":{"line":262,"column":null}},"93":{"start":{"line":265,"column":6},"end":{"line":265,"column":null}}},"fnMap":{"0":{"name":"setupContextMenus","decl":{"start":{"line":16,"column":16},"end":{"line":16,"column":36}},"loc":{"start":{"line":16,"column":36},"end":{"line":22,"column":null}},"line":16},"1":{"name":"(anonymous_1)","decl":{"start":{"line":19,"column":22},"end":{"line":19,"column":38}},"loc":{"start":{"line":19,"column":38},"end":{"line":21,"column":3}},"line":19},"2":{"name":"buildBaseContextMenus","decl":{"start":{"line":24,"column":9},"end":{"line":24,"column":33}},"loc":{"start":{"line":24,"column":33},"end":{"line":89,"column":null}},"line":24},"3":{"name":"updateDynamicContextMenus","decl":{"start":{"line":94,"column":22},"end":{"line":94,"column":null}},"loc":{"start":{"line":99,"column":2},"end":{"line":136,"column":null}},"line":99},"4":{"name":"(anonymous_4)","decl":{"start":{"line":119,"column":35},"end":{"line":119,"column":39}},"loc":{"start":{"line":119,"column":48},"end":{"line":124,"column":8}},"line":119},"5":{"name":"(anonymous_5)","decl":{"start":{"line":125,"column":29},"end":{"line":125,"column":33}},"loc":{"start":{"line":125,"column":39},"end":{"line":128,"column":8}},"line":125},"6":{"name":"rebuildSubmenus","decl":{"start":{"line":138,"column":9},"end":{"line":138,"column":27}},"loc":{"start":{"line":138,"column":27},"end":{"line":203,"column":null}},"line":138},"7":{"name":"(anonymous_7)","decl":{"start":{"line":145,"column":53},"end":{"line":145,"column":64}},"loc":{"start":{"line":145,"column":64},"end":{"line":145,"column":88}},"line":145},"8":{"name":"(anonymous_8)","decl":{"start":{"line":147,"column":31},"end":{"line":147,"column":58}},"loc":{"start":{"line":147,"column":58},"end":{"line":147,"column":82}},"line":147},"9":{"name":"(anonymous_9)","decl":{"start":{"line":159,"column":43},"end":{"line":159,"column":52}},"loc":{"start":{"line":159,"column":65},"end":{"line":170,"column":5}},"line":159},"10":{"name":"(anonymous_10)","decl":{"start":{"line":176,"column":54},"end":{"line":176,"column":65}},"loc":{"start":{"line":176,"column":65},"end":{"line":176,"column":89}},"line":176},"11":{"name":"(anonymous_11)","decl":{"start":{"line":178,"column":31},"end":{"line":178,"column":59}},"loc":{"start":{"line":178,"column":59},"end":{"line":178,"column":83}},"line":178},"12":{"name":"(anonymous_12)","decl":{"start":{"line":190,"column":40},"end":{"line":190,"column":49}},"loc":{"start":{"line":190,"column":66},"end":{"line":201,"column":5}},"line":190},"13":{"name":"(anonymous_13)","decl":{"start":{"line":207,"column":44},"end":{"line":207,"column":51}},"loc":{"start":{"line":207,"column":65},"end":{"line":267,"column":3}},"line":207},"14":{"name":"(anonymous_14)","decl":{"start":{"line":217,"column":70},"end":{"line":217,"column":82}},"loc":{"start":{"line":217,"column":82},"end":{"line":217,"column":84}},"line":217},"15":{"name":"(anonymous_15)","decl":{"start":{"line":247,"column":13},"end":{"line":247,"column":25}},"loc":{"start":{"line":247,"column":25},"end":{"line":247,"column":27}},"line":247},"16":{"name":"(anonymous_16)","decl":{"start":{"line":260,"column":13},"end":{"line":260,"column":25}},"loc":{"start":{"line":260,"column":25},"end":{"line":260,"column":27}},"line":260}},"branchMap":{"0":{"loc":{"start":{"line":17,"column":2},"end":{"line":17,"column":null}},"type":"if","locations":[{"start":{"line":17,"column":2},"end":{"line":17,"column":null}},{"start":{},"end":{}}],"line":17},"1":{"loc":{"start":{"line":100,"column":2},"end":{"line":100,"column":null}},"type":"if","locations":[{"start":{"line":100,"column":2},"end":{"line":100,"column":null}},{"start":{},"end":{}}],"line":100},"2":{"loc":{"start":{"line":105,"column":4},"end":{"line":107,"column":null}},"type":"if","locations":[{"start":{"line":105,"column":4},"end":{"line":107,"column":null}},{"start":{},"end":{}}],"line":105},"3":{"loc":{"start":{"line":108,"column":4},"end":{"line":110,"column":null}},"type":"if","locations":[{"start":{"line":108,"column":4},"end":{"line":110,"column":null}},{"start":{},"end":{}}],"line":108},"4":{"loc":{"start":{"line":114,"column":4},"end":{"line":116,"column":null}},"type":"if","locations":[{"start":{"line":114,"column":4},"end":{"line":116,"column":null}},{"start":{},"end":{}}],"line":114},"5":{"loc":{"start":{"line":115,"column":74},"end":{"line":115,"column":93}},"type":"binary-expr","locations":[{"start":{"line":115,"column":74},"end":{"line":115,"column":87}},{"start":{"line":115,"column":87},"end":{"line":115,"column":93}}],"line":115},"6":{"loc":{"start":{"line":121,"column":24},"end":{"line":121,"column":null}},"type":"binary-expr","locations":[{"start":{"line":121,"column":24},"end":{"line":121,"column":52}},{"start":{"line":121,"column":52},"end":{"line":121,"column":null}}],"line":121},"7":{"loc":{"start":{"line":139,"column":2},"end":{"line":139,"column":null}},"type":"if","locations":[{"start":{"line":139,"column":2},"end":{"line":139,"column":null}},{"start":{},"end":{}}],"line":139},"8":{"loc":{"start":{"line":150,"column":2},"end":{"line":171,"column":null}},"type":"if","locations":[{"start":{"line":150,"column":2},"end":{"line":171,"column":null}},{"start":{"line":158,"column":9},"end":{"line":171,"column":null}}],"line":150},"9":{"loc":{"start":{"line":160,"column":24},"end":{"line":160,"column":null}},"type":"cond-expr","locations":[{"start":{"line":160,"column":44},"end":{"line":160,"column":58}},{"start":{"line":160,"column":58},"end":{"line":160,"column":null}}],"line":160},"10":{"loc":{"start":{"line":181,"column":2},"end":{"line":202,"column":null}},"type":"if","locations":[{"start":{"line":181,"column":2},"end":{"line":202,"column":null}},{"start":{"line":189,"column":9},"end":{"line":202,"column":null}}],"line":181},"11":{"loc":{"start":{"line":206,"column":0},"end":{"line":268,"column":null}},"type":"if","locations":[{"start":{"line":206,"column":0},"end":{"line":268,"column":null}},{"start":{},"end":{}}],"line":206},"12":{"loc":{"start":{"line":208,"column":4},"end":{"line":208,"column":null}},"type":"if","locations":[{"start":{"line":208,"column":4},"end":{"line":208,"column":null}},{"start":{},"end":{}}],"line":208},"13":{"loc":{"start":{"line":208,"column":8},"end":{"line":208,"column":30}},"type":"binary-expr","locations":[{"start":{"line":208,"column":8},"end":{"line":208,"column":20}},{"start":{"line":208,"column":20},"end":{"line":208,"column":30}}],"line":208},"14":{"loc":{"start":{"line":215,"column":6},"end":{"line":219,"column":null}},"type":"if","locations":[{"start":{"line":215,"column":6},"end":{"line":219,"column":null}},{"start":{},"end":{}}],"line":215},"15":{"loc":{"start":{"line":221,"column":6},"end":{"line":230,"column":null}},"type":"if","locations":[{"start":{"line":221,"column":6},"end":{"line":230,"column":null}},{"start":{},"end":{}}],"line":221},"16":{"loc":{"start":{"line":222,"column":8},"end":{"line":228,"column":null}},"type":"if","locations":[{"start":{"line":222,"column":8},"end":{"line":228,"column":null}},{"start":{"line":224,"column":15},"end":{"line":228,"column":null}}],"line":222},"17":{"loc":{"start":{"line":222,"column":12},"end":{"line":222,"column":52}},"type":"binary-expr","locations":[{"start":{"line":222,"column":12},"end":{"line":222,"column":38}},{"start":{"line":222,"column":38},"end":{"line":222,"column":52}}],"line":222},"18":{"loc":{"start":{"line":224,"column":15},"end":{"line":228,"column":null}},"type":"if","locations":[{"start":{"line":224,"column":15},"end":{"line":228,"column":null}},{"start":{"line":226,"column":15},"end":{"line":228,"column":null}}],"line":224},"19":{"loc":{"start":{"line":232,"column":6},"end":{"line":237,"column":null}},"type":"if","locations":[{"start":{"line":232,"column":6},"end":{"line":237,"column":null}},{"start":{},"end":{}}],"line":232},"20":{"loc":{"start":{"line":233,"column":8},"end":{"line":235,"column":null}},"type":"if","locations":[{"start":{"line":233,"column":8},"end":{"line":235,"column":null}},{"start":{},"end":{}}],"line":233},"21":{"loc":{"start":{"line":240,"column":6},"end":{"line":250,"column":null}},"type":"if","locations":[{"start":{"line":240,"column":6},"end":{"line":250,"column":null}},{"start":{},"end":{}}],"line":240},"22":{"loc":{"start":{"line":243,"column":8},"end":{"line":248,"column":null}},"type":"if","locations":[{"start":{"line":243,"column":8},"end":{"line":248,"column":null}},{"start":{},"end":{}}],"line":243},"23":{"loc":{"start":{"line":253,"column":6},"end":{"line":263,"column":null}},"type":"if","locations":[{"start":{"line":253,"column":6},"end":{"line":263,"column":null}},{"start":{},"end":{}}],"line":253},"24":{"loc":{"start":{"line":256,"column":8},"end":{"line":261,"column":null}},"type":"if","locations":[{"start":{"line":256,"column":8},"end":{"line":261,"column":null}},{"start":{},"end":{}}],"line":256}},"s":{"0":5,"1":7,"2":0,"3":7,"4":7,"5":7,"6":7,"7":7,"8":7,"9":7,"10":7,"11":7,"12":7,"13":5,"14":0,"15":5,"16":5,"17":5,"18":3,"19":5,"20":3,"21":4,"22":4,"23":3,"24":4,"25":3,"26":3,"27":4,"28":1,"29":4,"30":0,"31":4,"32":4,"33":4,"34":24,"35":24,"36":24,"37":4,"38":4,"39":1,"40":3,"41":3,"42":3,"43":3,"44":3,"45":4,"46":4,"47":4,"48":24,"49":24,"50":24,"51":4,"52":4,"53":1,"54":3,"55":3,"56":3,"57":3,"58":3,"59":5,"60":5,"61":9,"62":1,"63":8,"64":8,"65":8,"66":8,"67":8,"68":1,"69":1,"70":6,"71":3,"72":1,"73":2,"74":1,"75":1,"76":3,"77":3,"78":1,"79":1,"80":1,"81":2,"82":1,"83":1,"84":1,"85":1,"86":1,"87":1,"88":1,"89":1,"90":1,"91":1,"92":1,"93":1},"f":{"0":7,"1":7,"2":7,"3":5,"4":3,"5":3,"6":4,"7":24,"8":4,"9":3,"10":24,"11":4,"12":3,"13":9,"14":0,"15":0,"16":0},"b":{"0":[0,7],"1":[0,5],"2":[3,2],"3":[3,2],"4":[3,1],"5":[3,0],"6":[3,0],"7":[0,4],"8":[1,3],"9":[0,3],"10":[1,3],"11":[5,0],"12":[1,8],"13":[9,9],"14":[1,7],"15":[3,3],"16":[1,2],"17":[3,1],"18":[1,1],"19":[1,2],"20":[1,0],"21":[1,1],"22":[1,0],"23":[1,0],"24":[1,0]},"meta":{"lastBranch":25,"lastFunction":17,"lastStatement":94,"seen":{"s:11:37:14:Infinity":0,"f:16:16:16:36":0,"b:17:2:17:Infinity:undefined:undefined:undefined:undefined":0,"s:17:2:17:Infinity":1,"s:17:28:17:Infinity":2,"s:19:2:21:Infinity":3,"f:19:22:19:38":1,"s:20:4:20:Infinity":4,"f:24:9:24:33":2,"s:26:2:30:Infinity":5,"s:33:2:38:Infinity":6,"s:41:2:46:Infinity":7,"s:49:2:55:Infinity":8,"s:58:2:63:Infinity":9,"s:66:2:72:Infinity":10,"s:75:2:80:Infinity":11,"s:83:2:88:Infinity":12,"f:94:22:94:Infinity":3,"b:100:2:100:Infinity:undefined:undefined:undefined:undefined":1,"s:100:2:100:Infinity":13,"s:100:28:100:Infinity":14,"s:102:2:135:Infinity":15,"s:104:31:104:Infinity":16,"b:105:4:107:Infinity:undefined:undefined:undefined:undefined":2,"s:105:4:107:Infinity":17,"s:106:6:106:Infinity":18,"b:108:4:110:Infinity:undefined:undefined:undefined:undefined":3,"s:108:4:110:Infinity":19,"s:109:6:109:Infinity":20,"s:113:28:113:Infinity":21,"b:114:4:116:Infinity:undefined:undefined:undefined:undefined":4,"s:114:4:116:Infinity":22,"s:115:6:115:Infinity":23,"b:115:74:115:87:115:87:115:93":5,"s:118:4:129:Infinity":24,"f:119:35:119:39":4,"s:119:48:124:8":25,"b:121:24:121:52:121:52:121:Infinity":6,"f:125:29:125:33":5,"s:125:39:128:8":26,"s:132:4:132:Infinity":27,"s:134:4:134:Infinity":28,"f:138:9:138:27":6,"b:139:2:139:Infinity:undefined:undefined:undefined:undefined":7,"s:139:2:139:Infinity":29,"s:139:28:139:Infinity":30,"s:143:2:148:Infinity":31,"s:144:4:146:Infinity":32,"s:144:17:144:20":33,"s:145:6:145:Infinity":34,"f:145:53:145:64":7,"s:145:64:145:88":35,"s:147:4:147:Infinity":36,"f:147:31:147:58":8,"s:147:58:147:82":37,"b:150:2:171:Infinity:158:9:171:Infinity":8,"s:150:2:171:Infinity":38,"s:151:4:157:Infinity":39,"s:159:4:170:Infinity":40,"f:159:43:159:52":9,"s:160:24:160:Infinity":41,"b:160:44:160:58:160:58:160:Infinity":9,"s:161:24:161:Infinity":42,"s:162:20:162:Infinity":43,"s:164:6:169:Infinity":44,"s:174:2:179:Infinity":45,"s:175:4:177:Infinity":46,"s:175:17:175:20":47,"s:176:6:176:Infinity":48,"f:176:54:176:65":10,"s:176:65:176:89":49,"s:178:4:178:Infinity":50,"f:178:31:178:59":11,"s:178:59:178:83":51,"b:181:2:202:Infinity:189:9:202:Infinity":10,"s:181:2:202:Infinity":52,"s:182:4:188:Infinity":53,"s:190:4:201:Infinity":54,"f:190:40:190:49":12,"s:191:22:191:Infinity":55,"s:192:24:192:Infinity":56,"s:193:20:193:Infinity":57,"s:195:6:200:Infinity":58,"b:206:0:268:Infinity:undefined:undefined:undefined:undefined":11,"s:206:0:268:Infinity":59,"s:207:2:267:Infinity":60,"f:207:44:207:51":13,"b:208:4:208:Infinity:undefined:undefined:undefined:undefined":12,"s:208:4:208:Infinity":61,"b:208:8:208:20:208:20:208:30":13,"s:208:30:208:Infinity":62,"s:210:4:266:Infinity":63,"s:211:18:211:Infinity":64,"s:212:21:212:Infinity":65,"s:213:21:213:Infinity":66,"b:215:6:219:Infinity:undefined:undefined:undefined:undefined":14,"s:215:6:219:Infinity":67,"s:217:8:217:Infinity":68,"f:217:70:217:82":14,"s:218:8:218:Infinity":69,"b:221:6:230:Infinity:undefined:undefined:undefined:undefined":15,"s:221:6:230:Infinity":70,"b:222:8:228:Infinity:224:15:228:Infinity":16,"s:222:8:228:Infinity":71,"b:222:12:222:38:222:38:222:52":17,"s:223:10:223:Infinity":72,"b:224:15:228:Infinity:226:15:228:Infinity":18,"s:224:15:228:Infinity":73,"s:225:10:225:Infinity":74,"s:227:10:227:Infinity":75,"s:229:8:229:Infinity":76,"b:232:6:237:Infinity:undefined:undefined:undefined:undefined":19,"s:232:6:237:Infinity":77,"b:233:8:235:Infinity:undefined:undefined:undefined:undefined":20,"s:233:8:235:Infinity":78,"s:234:10:234:Infinity":79,"s:236:8:236:Infinity":80,"b:240:6:250:Infinity:undefined:undefined:undefined:undefined":21,"s:240:6:250:Infinity":81,"s:241:20:241:Infinity":82,"s:242:28:242:Infinity":83,"b:243:8:248:Infinity:undefined:undefined:undefined:undefined":22,"s:243:8:248:Infinity":84,"s:244:10:247:Infinity":85,"f:247:13:247:25":15,"s:249:8:249:Infinity":86,"b:253:6:263:Infinity:undefined:undefined:undefined:undefined":23,"s:253:6:263:Infinity":87,"s:254:20:254:Infinity":88,"s:255:32:255:Infinity":89,"b:256:8:261:Infinity:undefined:undefined:undefined:undefined":24,"s:256:8:261:Infinity":90,"s:257:10:260:Infinity":91,"f:260:13:260:25":16,"s:262:8:262:Infinity":92,"s:265:6:265:Infinity":93},"fnNames":{}}}
,"/workspaces/lazarus-form-recovery/src/background/message-router.ts": {"path":"/workspaces/lazarus-form-recovery/src/background/message-router.ts","statementMap":{"0":{"start":{"line":10,"column":2},"end":{"line":163,"column":null}},"1":{"start":{"line":11,"column":4},"end":{"line":160,"column":null}},"2":{"start":{"line":13,"column":8},"end":{"line":13,"column":null}},"3":{"start":{"line":17,"column":25},"end":{"line":17,"column":null}},"4":{"start":{"line":18,"column":23},"end":{"line":18,"column":null}},"5":{"start":{"line":19,"column":8},"end":{"line":21,"column":null}},"6":{"start":{"line":20,"column":10},"end":{"line":20,"column":null}},"7":{"start":{"line":22,"column":8},"end":{"line":22,"column":null}},"8":{"start":{"line":26,"column":25},"end":{"line":26,"column":null}},"9":{"start":{"line":27,"column":23},"end":{"line":27,"column":null}},"10":{"start":{"line":28,"column":8},"end":{"line":30,"column":null}},"11":{"start":{"line":29,"column":10},"end":{"line":29,"column":null}},"12":{"start":{"line":31,"column":8},"end":{"line":31,"column":null}},"13":{"start":{"line":35,"column":25},"end":{"line":35,"column":null}},"14":{"start":{"line":36,"column":23},"end":{"line":36,"column":null}},"15":{"start":{"line":37,"column":8},"end":{"line":39,"column":null}},"16":{"start":{"line":38,"column":10},"end":{"line":38,"column":null}},"17":{"start":{"line":40,"column":8},"end":{"line":40,"column":null}},"18":{"start":{"line":44,"column":65},"end":{"line":44,"column":null}},"19":{"start":{"line":45,"column":8},"end":{"line":45,"column":null}},"20":{"start":{"line":46,"column":8},"end":{"line":46,"column":null}},"21":{"start":{"line":50,"column":49},"end":{"line":50,"column":null}},"22":{"start":{"line":51,"column":22},"end":{"line":51,"column":null}},"23":{"start":{"line":52,"column":8},"end":{"line":52,"column":null}},"24":{"start":{"line":56,"column":27},"end":{"line":56,"column":null}},"25":{"start":{"line":57,"column":23},"end":{"line":57,"column":null}},"26":{"start":{"line":58,"column":8},"end":{"line":58,"column":null}},"27":{"start":{"line":62,"column":23},"end":{"line":62,"column":null}},"28":{"start":{"line":63,"column":8},"end":{"line":66,"column":null}},"29":{"start":{"line":70,"column":29},"end":{"line":70,"column":null}},"30":{"start":{"line":71,"column":23},"end":{"line":71,"column":null}},"31":{"start":{"line":72,"column":8},"end":{"line":72,"column":null}},"32":{"start":{"line":76,"column":8},"end":{"line":76,"column":null}},"33":{"start":{"line":77,"column":8},"end":{"line":77,"column":null}},"34":{"start":{"line":81,"column":29},"end":{"line":81,"column":null}},"35":{"start":{"line":82,"column":23},"end":{"line":82,"column":null}},"36":{"start":{"line":83,"column":8},"end":{"line":83,"column":null}},"37":{"start":{"line":87,"column":36},"end":{"line":87,"column":null}},"38":{"start":{"line":88,"column":8},"end":{"line":93,"column":null}},"39":{"start":{"line":89,"column":27},"end":{"line":89,"column":null}},"40":{"start":{"line":90,"column":10},"end":{"line":92,"column":null}},"41":{"start":{"line":91,"column":12},"end":{"line":91,"column":null}},"42":{"start":{"line":94,"column":23},"end":{"line":94,"column":null}},"43":{"start":{"line":95,"column":8},"end":{"line":95,"column":null}},"44":{"start":{"line":99,"column":24},"end":{"line":99,"column":null}},"45":{"start":{"line":100,"column":8},"end":{"line":100,"column":null}},"46":{"start":{"line":104,"column":8},"end":{"line":104,"column":null}},"47":{"start":{"line":105,"column":8},"end":{"line":105,"column":null}},"48":{"start":{"line":109,"column":8},"end":{"line":109,"column":null}},"49":{"start":{"line":110,"column":8},"end":{"line":110,"column":null}},"50":{"start":{"line":114,"column":22},"end":{"line":114,"column":null}},"51":{"start":{"line":115,"column":8},"end":{"line":115,"column":null}},"52":{"start":{"line":119,"column":22},"end":{"line":119,"column":null}},"53":{"start":{"line":120,"column":8},"end":{"line":120,"column":null}},"54":{"start":{"line":124,"column":22},"end":{"line":124,"column":null}},"55":{"start":{"line":125,"column":8},"end":{"line":125,"column":null}},"56":{"start":{"line":129,"column":22},"end":{"line":129,"column":null}},"57":{"start":{"line":130,"column":8},"end":{"line":130,"column":null}},"58":{"start":{"line":134,"column":8},"end":{"line":134,"column":null}},"59":{"start":{"line":135,"column":8},"end":{"line":135,"column":null}},"60":{"start":{"line":139,"column":8},"end":{"line":139,"column":null}},"61":{"start":{"line":140,"column":8},"end":{"line":140,"column":null}},"62":{"start":{"line":144,"column":25},"end":{"line":144,"column":null}},"63":{"start":{"line":145,"column":8},"end":{"line":145,"column":null}},"64":{"start":{"line":149,"column":24},"end":{"line":149,"column":null}},"65":{"start":{"line":150,"column":8},"end":{"line":150,"column":null}},"66":{"start":{"line":154,"column":27},"end":{"line":154,"column":null}},"67":{"start":{"line":155,"column":8},"end":{"line":155,"column":null}},"68":{"start":{"line":159,"column":8},"end":{"line":159,"column":null}},"69":{"start":{"line":162,"column":4},"end":{"line":162,"column":null}}},"fnMap":{"0":{"name":"handleRuntimeMessage","decl":{"start":{"line":6,"column":22},"end":{"line":6,"column":null}},"loc":{"start":{"line":9,"column":28},"end":{"line":164,"column":null}},"line":9}},"branchMap":{"0":{"loc":{"start":{"line":11,"column":4},"end":{"line":160,"column":null}},"type":"switch","locations":[{"start":{"line":12,"column":6},"end":{"line":14,"column":null}},{"start":{"line":16,"column":6},"end":{"line":23,"column":null}},{"start":{"line":25,"column":6},"end":{"line":32,"column":null}},{"start":{"line":34,"column":6},"end":{"line":41,"column":null}},{"start":{"line":43,"column":6},"end":{"line":47,"column":null}},{"start":{"line":49,"column":6},"end":{"line":53,"column":null}},{"start":{"line":55,"column":6},"end":{"line":59,"column":null}},{"start":{"line":61,"column":6},"end":{"line":67,"column":null}},{"start":{"line":69,"column":6},"end":{"line":73,"column":null}},{"start":{"line":75,"column":6},"end":{"line":78,"column":null}},{"start":{"line":80,"column":6},"end":{"line":84,"column":null}},{"start":{"line":86,"column":6},"end":{"line":96,"column":null}},{"start":{"line":98,"column":6},"end":{"line":101,"column":null}},{"start":{"line":103,"column":6},"end":{"line":106,"column":null}},{"start":{"line":108,"column":6},"end":{"line":111,"column":null}},{"start":{"line":113,"column":6},"end":{"line":116,"column":null}},{"start":{"line":118,"column":6},"end":{"line":121,"column":null}},{"start":{"line":123,"column":6},"end":{"line":126,"column":null}},{"start":{"line":128,"column":6},"end":{"line":131,"column":null}},{"start":{"line":133,"column":6},"end":{"line":136,"column":null}},{"start":{"line":138,"column":6},"end":{"line":141,"column":null}},{"start":{"line":143,"column":6},"end":{"line":146,"column":null}},{"start":{"line":148,"column":6},"end":{"line":151,"column":null}},{"start":{"line":153,"column":6},"end":{"line":156,"column":null}},{"start":{"line":158,"column":6},"end":{"line":159,"column":null}}],"line":11},"1":{"loc":{"start":{"line":19,"column":8},"end":{"line":21,"column":null}},"type":"if","locations":[{"start":{"line":19,"column":8},"end":{"line":21,"column":null}},{"start":{},"end":{}}],"line":19},"2":{"loc":{"start":{"line":20,"column":42},"end":{"line":20,"column":79}},"type":"binary-expr","locations":[{"start":{"line":20,"column":42},"end":{"line":20,"column":58}},{"start":{"line":20,"column":58},"end":{"line":20,"column":79}}],"line":20},"3":{"loc":{"start":{"line":28,"column":8},"end":{"line":30,"column":null}},"type":"if","locations":[{"start":{"line":28,"column":8},"end":{"line":30,"column":null}},{"start":{},"end":{}}],"line":28},"4":{"loc":{"start":{"line":29,"column":42},"end":{"line":29,"column":79}},"type":"binary-expr","locations":[{"start":{"line":29,"column":42},"end":{"line":29,"column":58}},{"start":{"line":29,"column":58},"end":{"line":29,"column":79}}],"line":29},"5":{"loc":{"start":{"line":37,"column":8},"end":{"line":39,"column":null}},"type":"if","locations":[{"start":{"line":37,"column":8},"end":{"line":39,"column":null}},{"start":{},"end":{}}],"line":37},"6":{"loc":{"start":{"line":38,"column":42},"end":{"line":38,"column":79}},"type":"binary-expr","locations":[{"start":{"line":38,"column":42},"end":{"line":38,"column":58}},{"start":{"line":38,"column":58},"end":{"line":38,"column":79}}],"line":38},"7":{"loc":{"start":{"line":88,"column":8},"end":{"line":93,"column":null}},"type":"if","locations":[{"start":{"line":88,"column":8},"end":{"line":93,"column":null}},{"start":{},"end":{}}],"line":88},"8":{"loc":{"start":{"line":90,"column":10},"end":{"line":92,"column":null}},"type":"if","locations":[{"start":{"line":90,"column":10},"end":{"line":92,"column":null}},{"start":{},"end":{}}],"line":90}},"s":{"0":77,"1":77,"2":11,"3":8,"4":8,"5":8,"6":1,"7":7,"8":3,"9":3,"10":3,"11":1,"12":2,"13":3,"14":3,"15":3,"16":1,"17":2,"18":1,"19":1,"20":1,"21":3,"22":3,"23":3,"24":2,"25":2,"26":2,"27":1,"28":1,"29":3,"30":3,"31":3,"32":2,"33":2,"34":2,"35":2,"36":2,"37":3,"38":3,"39":2,"40":2,"41":1,"42":2,"43":2,"44":4,"45":4,"46":1,"47":1,"48":1,"49":1,"50":2,"51":2,"52":5,"53":5,"54":0,"55":0,"56":1,"57":1,"58":1,"59":1,"60":1,"61":1,"62":1,"63":1,"64":1,"65":1,"66":1,"67":1,"68":14,"69":2},"f":{"0":77},"b":{"0":[11,8,3,3,1,3,2,1,3,2,2,3,4,1,1,2,5,0,1,1,1,1,1,1,14],"1":[1,7],"2":[1,0],"3":[1,2],"4":[1,0],"5":[1,2],"6":[1,0],"7":[2,1],"8":[1,1]},"meta":{"lastBranch":9,"lastFunction":1,"lastStatement":70,"seen":{"f:6:22:6:Infinity":0,"s:10:2:163:Infinity":0,"b:12:6:14:Infinity:16:6:23:Infinity:25:6:32:Infinity:34:6:41:Infinity:43:6:47:Infinity:49:6:53:Infinity:55:6:59:Infinity:61:6:67:Infinity:69:6:73:Infinity:75:6:78:Infinity:80:6:84:Infinity:86:6:96:Infinity:98:6:101:Infinity:103:6:106:Infinity:108:6:111:Infinity:113:6:116:Infinity:118:6:121:Infinity:123:6:126:Infinity:128:6:131:Infinity:133:6:136:Infinity:138:6:141:Infinity:143:6:146:Infinity:148:6:151:Infinity:153:6:156:Infinity:158:6:159:Infinity":0,"s:11:4:160:Infinity":1,"s:13:8:13:Infinity":2,"s:17:25:17:Infinity":3,"s:18:23:18:Infinity":4,"b:19:8:21:Infinity:undefined:undefined:undefined:undefined":1,"s:19:8:21:Infinity":5,"s:20:10:20:Infinity":6,"b:20:42:20:58:20:58:20:79":2,"s:22:8:22:Infinity":7,"s:26:25:26:Infinity":8,"s:27:23:27:Infinity":9,"b:28:8:30:Infinity:undefined:undefined:undefined:undefined":3,"s:28:8:30:Infinity":10,"s:29:10:29:Infinity":11,"b:29:42:29:58:29:58:29:79":4,"s:31:8:31:Infinity":12,"s:35:25:35:Infinity":13,"s:36:23:36:Infinity":14,"b:37:8:39:Infinity:undefined:undefined:undefined:undefined":5,"s:37:8:39:Infinity":15,"s:38:10:38:Infinity":16,"b:38:42:38:58:38:58:38:79":6,"s:40:8:40:Infinity":17,"s:44:65:44:Infinity":18,"s:45:8:45:Infinity":19,"s:46:8:46:Infinity":20,"s:50:49:50:Infinity":21,"s:51:22:51:Infinity":22,"s:52:8:52:Infinity":23,"s:56:27:56:Infinity":24,"s:57:23:57:Infinity":25,"s:58:8:58:Infinity":26,"s:62:23:62:Infinity":27,"s:63:8:66:Infinity":28,"s:70:29:70:Infinity":29,"s:71:23:71:Infinity":30,"s:72:8:72:Infinity":31,"s:76:8:76:Infinity":32,"s:77:8:77:Infinity":33,"s:81:29:81:Infinity":34,"s:82:23:82:Infinity":35,"s:83:8:83:Infinity":36,"s:87:36:87:Infinity":37,"b:88:8:93:Infinity:undefined:undefined:undefined:undefined":7,"s:88:8:93:Infinity":38,"s:89:27:89:Infinity":39,"b:90:10:92:Infinity:undefined:undefined:undefined:undefined":8,"s:90:10:92:Infinity":40,"s:91:12:91:Infinity":41,"s:94:23:94:Infinity":42,"s:95:8:95:Infinity":43,"s:99:24:99:Infinity":44,"s:100:8:100:Infinity":45,"s:104:8:104:Infinity":46,"s:105:8:105:Infinity":47,"s:109:8:109:Infinity":48,"s:110:8:110:Infinity":49,"s:114:22:114:Infinity":50,"s:115:8:115:Infinity":51,"s:119:22:119:Infinity":52,"s:120:8:120:Infinity":53,"s:124:22:124:Infinity":54,"s:125:8:125:Infinity":55,"s:129:22:129:Infinity":56,"s:130:8:130:Infinity":57,"s:134:8:134:Infinity":58,"s:135:8:135:Infinity":59,"s:139:8:139:Infinity":60,"s:140:8:140:Infinity":61,"s:144:25:144:Infinity":62,"s:145:8:145:Infinity":63,"s:149:24:149:Infinity":64,"s:150:8:150:Infinity":65,"s:154:27:154:Infinity":66,"s:155:8:155:Infinity":67,"s:159:8:159:Infinity":68,"s:162:4:162:Infinity":69},"fnNames":{}}}
,"/workspaces/lazarus-form-recovery/src/background/service-worker.ts": {"path":"/workspaces/lazarus-form-recovery/src/background/service-worker.ts","statementMap":{"0":{"start":{"line":8,"column":0},"end":{"line":8,"column":null}},"1":{"start":{"line":9,"column":0},"end":{"line":9,"column":null}},"2":{"start":{"line":11,"column":0},"end":{"line":14,"column":null}},"3":{"start":{"line":12,"column":2},"end":{"line":12,"column":null}},"4":{"start":{"line":13,"column":2},"end":{"line":13,"column":null}},"5":{"start":{"line":16,"column":0},"end":{"line":19,"column":null}},"6":{"start":{"line":17,"column":2},"end":{"line":17,"column":null}},"7":{"start":{"line":18,"column":2},"end":{"line":18,"column":null}},"8":{"start":{"line":22,"column":0},"end":{"line":33,"column":null}},"9":{"start":{"line":28,"column":4},"end":{"line":30,"column":null}},"10":{"start":{"line":30,"column":22},"end":{"line":30,"column":74}},"11":{"start":{"line":31,"column":4},"end":{"line":31,"column":null}},"12":{"start":{"line":36,"column":0},"end":{"line":38,"column":null}},"13":{"start":{"line":37,"column":2},"end":{"line":37,"column":null}},"14":{"start":{"line":41,"column":0},"end":{"line":53,"column":null}},"15":{"start":{"line":42,"column":2},"end":{"line":52,"column":null}},"16":{"start":{"line":43,"column":4},"end":{"line":51,"column":null}},"17":{"start":{"line":44,"column":26},"end":{"line":44,"column":null}},"18":{"start":{"line":45,"column":6},"end":{"line":48,"column":null}},"19":{"start":{"line":47,"column":8},"end":{"line":47,"column":null}},"20":{"start":{"line":50,"column":6},"end":{"line":50,"column":null}}},"fnMap":{"0":{"name":"(anonymous_0)","decl":{"start":{"line":11,"column":27},"end":{"line":11,"column":45}},"loc":{"start":{"line":11,"column":45},"end":{"line":14,"column":1}},"line":11},"1":{"name":"(anonymous_1)","decl":{"start":{"line":16,"column":26},"end":{"line":16,"column":44}},"loc":{"start":{"line":16,"column":44},"end":{"line":19,"column":1}},"line":16},"2":{"name":"(anonymous_2)","decl":{"start":{"line":22,"column":25},"end":{"line":22,"column":null}},"loc":{"start":{"line":27,"column":7},"end":{"line":32,"column":null}},"line":27},"3":{"name":"(anonymous_3)","decl":{"start":{"line":30,"column":7},"end":{"line":30,"column":14}},"loc":{"start":{"line":30,"column":22},"end":{"line":30,"column":74}},"line":30},"4":{"name":"(anonymous_4)","decl":{"start":{"line":36,"column":24},"end":{"line":36,"column":37}},"loc":{"start":{"line":36,"column":47},"end":{"line":38,"column":1}},"line":36},"5":{"name":"(anonymous_5)","decl":{"start":{"line":37,"column":49},"end":{"line":37,"column":61}},"loc":{"start":{"line":37,"column":61},"end":{"line":37,"column":63}},"line":37},"6":{"name":"(anonymous_6)","decl":{"start":{"line":41,"column":40},"end":{"line":41,"column":47}},"loc":{"start":{"line":41,"column":59},"end":{"line":53,"column":1}},"line":41},"7":{"name":"(anonymous_7)","decl":{"start":{"line":47,"column":79},"end":{"line":47,"column":91}},"loc":{"start":{"line":47,"column":91},"end":{"line":47,"column":93}},"line":47}},"branchMap":{"0":{"loc":{"start":{"line":42,"column":2},"end":{"line":52,"column":null}},"type":"if","locations":[{"start":{"line":42,"column":2},"end":{"line":52,"column":null}},{"start":{},"end":{}}],"line":42},"1":{"loc":{"start":{"line":45,"column":6},"end":{"line":48,"column":null}},"type":"if","locations":[{"start":{"line":45,"column":6},"end":{"line":48,"column":null}},{"start":{},"end":{}}],"line":45}},"s":{"0":4,"1":4,"2":4,"3":1,"4":1,"5":4,"6":1,"7":1,"8":4,"9":75,"10":0,"11":75,"12":4,"13":1,"14":4,"15":4,"16":3,"17":3,"18":2,"19":1,"20":1},"f":{"0":1,"1":1,"2":75,"3":0,"4":1,"5":0,"6":4,"7":0},"b":{"0":[3,1],"1":[1,1]},"meta":{"lastBranch":2,"lastFunction":8,"lastStatement":21,"seen":{"s:8:0:8:Infinity":0,"s:9:0:9:Infinity":1,"s:11:0:14:Infinity":2,"f:11:27:11:45":0,"s:12:2:12:Infinity":3,"s:13:2:13:Infinity":4,"s:16:0:19:Infinity":5,"f:16:26:16:44":1,"s:17:2:17:Infinity":6,"s:18:2:18:Infinity":7,"s:22:0:33:Infinity":8,"f:22:25:22:Infinity":2,"s:28:4:30:Infinity":9,"f:30:7:30:14":3,"s:30:22:30:74":10,"s:31:4:31:Infinity":11,"s:36:0:38:Infinity":12,"f:36:24:36:37":4,"s:37:2:37:Infinity":13,"f:37:49:37:61":5,"s:41:0:53:Infinity":14,"f:41:40:41:47":6,"b:42:2:52:Infinity:undefined:undefined:undefined:undefined":0,"s:42:2:52:Infinity":15,"s:43:4:51:Infinity":16,"s:44:26:44:Infinity":17,"b:45:6:48:Infinity:undefined:undefined:undefined:undefined":1,"s:45:6:48:Infinity":18,"s:47:8:47:Infinity":19,"f:47:79:47:91":7,"s:50:6:50:Infinity":20},"fnNames":{}}}
,"/workspaces/lazarus-form-recovery/src/background/storage-manager.ts": {"path":"/workspaces/lazarus-form-recovery/src/background/storage-manager.ts","statementMap":{"0":{"start":{"line":13,"column":4},"end":{"line":13,"column":null}},"1":{"start":{"line":13,"column":34},"end":{"line":13,"column":null}},"2":{"start":{"line":15,"column":22},"end":{"line":15,"column":null}},"3":{"start":{"line":16,"column":16},"end":{"line":16,"column":null}},"4":{"start":{"line":18,"column":4},"end":{"line":27,"column":null}},"5":{"start":{"line":19,"column":6},"end":{"line":24,"column":null}},"6":{"start":{"line":26,"column":6},"end":{"line":26,"column":null}},"7":{"start":{"line":34,"column":4},"end":{"line":34,"column":null}},"8":{"start":{"line":34,"column":34},"end":{"line":34,"column":null}},"9":{"start":{"line":36,"column":4},"end":{"line":49,"column":null}},"10":{"start":{"line":37,"column":18},"end":{"line":37,"column":null}},"11":{"start":{"line":38,"column":21},"end":{"line":38,"column":null}},"12":{"start":{"line":39,"column":40},"end":{"line":39,"column":null}},"13":{"start":{"line":41,"column":6},"end":{"line":45,"column":null}},"14":{"start":{"line":42,"column":8},"end":{"line":44,"column":null}},"15":{"start":{"line":43,"column":10},"end":{"line":43,"column":null}},"16":{"start":{"line":46,"column":6},"end":{"line":46,"column":null}},"17":{"start":{"line":48,"column":6},"end":{"line":48,"column":null}},"18":{"start":{"line":56,"column":4},"end":{"line":56,"column":null}},"19":{"start":{"line":63,"column":4},"end":{"line":63,"column":null}},"20":{"start":{"line":63,"column":34},"end":{"line":63,"column":null}},"21":{"start":{"line":65,"column":4},"end":{"line":75,"column":null}},"22":{"start":{"line":66,"column":18},"end":{"line":66,"column":null}},"23":{"start":{"line":67,"column":21},"end":{"line":67,"column":null}},"24":{"start":{"line":68,"column":27},"end":{"line":68,"column":null}},"25":{"start":{"line":68,"column":56},"end":{"line":68,"column":76}},"26":{"start":{"line":70,"column":6},"end":{"line":72,"column":null}},"27":{"start":{"line":71,"column":8},"end":{"line":71,"column":null}},"28":{"start":{"line":74,"column":6},"end":{"line":74,"column":null}},"29":{"start":{"line":79,"column":37},"end":{"line":79,"column":null}}},"fnMap":{"0":{"name":"saveEphemeralAutosave","decl":{"start":{"line":9,"column":15},"end":{"line":9,"column":null}},"loc":{"start":{"line":12,"column":19},"end":{"line":28,"column":null}},"line":12},"1":{"name":"getTabAutosaves","decl":{"start":{"line":33,"column":15},"end":{"line":33,"column":31}},"loc":{"start":{"line":33,"column":71},"end":{"line":50,"column":null}},"line":33},"2":{"name":"promoteAutosaveToVault","decl":{"start":{"line":55,"column":15},"end":{"line":55,"column":38}},"loc":{"start":{"line":55,"column":109},"end":{"line":57,"column":null}},"line":55},"3":{"name":"clearTabAutosaves","decl":{"start":{"line":62,"column":15},"end":{"line":62,"column":33}},"loc":{"start":{"line":62,"column":63},"end":{"line":76,"column":null}},"line":62},"4":{"name":"(anonymous_4)","decl":{"start":{"line":68,"column":44},"end":{"line":68,"column":51}},"loc":{"start":{"line":68,"column":56},"end":{"line":68,"column":76}},"line":68}},"branchMap":{"0":{"loc":{"start":{"line":13,"column":4},"end":{"line":13,"column":null}},"type":"if","locations":[{"start":{"line":13,"column":4},"end":{"line":13,"column":null}},{"start":{},"end":{}}],"line":13},"1":{"loc":{"start":{"line":15,"column":22},"end":{"line":15,"column":null}},"type":"binary-expr","locations":[{"start":{"line":15,"column":22},"end":{"line":15,"column":31}},{"start":{"line":15,"column":31},"end":{"line":15,"column":null}}],"line":15},"2":{"loc":{"start":{"line":16,"column":42},"end":{"line":16,"column":null}},"type":"binary-expr","locations":[{"start":{"line":16,"column":42},"end":{"line":16,"column":69}},{"start":{"line":16,"column":69},"end":{"line":16,"column":null}}],"line":16},"3":{"loc":{"start":{"line":34,"column":4},"end":{"line":34,"column":null}},"type":"if","locations":[{"start":{"line":34,"column":4},"end":{"line":34,"column":null}},{"start":{},"end":{}}],"line":34},"4":{"loc":{"start":{"line":42,"column":8},"end":{"line":44,"column":null}},"type":"if","locations":[{"start":{"line":42,"column":8},"end":{"line":44,"column":null}},{"start":{},"end":{}}],"line":42},"5":{"loc":{"start":{"line":42,"column":12},"end":{"line":42,"column":72}},"type":"binary-expr","locations":[{"start":{"line":42,"column":12},"end":{"line":42,"column":38}},{"start":{"line":42,"column":38},"end":{"line":42,"column":48}},{"start":{"line":42,"column":48},"end":{"line":42,"column":72}}],"line":42},"6":{"loc":{"start":{"line":63,"column":4},"end":{"line":63,"column":null}},"type":"if","locations":[{"start":{"line":63,"column":4},"end":{"line":63,"column":null}},{"start":{},"end":{}}],"line":63},"7":{"loc":{"start":{"line":70,"column":6},"end":{"line":72,"column":null}},"type":"if","locations":[{"start":{"line":70,"column":6},"end":{"line":72,"column":null}},{"start":{},"end":{}}],"line":70}},"s":{"0":4,"1":1,"2":3,"3":4,"4":4,"5":4,"6":1,"7":3,"8":1,"9":2,"10":2,"11":1,"12":1,"13":1,"14":3,"15":1,"16":1,"17":1,"18":1,"19":4,"20":1,"21":3,"22":3,"23":2,"24":2,"25":2,"26":2,"27":1,"28":1,"29":5},"f":{"0":4,"1":3,"2":1,"3":4,"4":2},"b":{"0":[1,3],"1":[3,1],"2":[4,0],"3":[1,2],"4":[1,2],"5":[3,1,1],"6":[1,3],"7":[1,1]},"meta":{"lastBranch":8,"lastFunction":5,"lastStatement":30,"seen":{"f:9:15:9:Infinity":0,"b:13:4:13:Infinity:undefined:undefined:undefined:undefined":0,"s:13:4:13:Infinity":0,"s:13:34:13:Infinity":1,"s:15:22:15:Infinity":2,"b:15:22:15:31:15:31:15:Infinity":1,"s:16:16:16:Infinity":3,"b:16:42:16:69:16:69:16:Infinity":2,"s:18:4:27:Infinity":4,"s:19:6:24:Infinity":5,"s:26:6:26:Infinity":6,"f:33:15:33:31":1,"b:34:4:34:Infinity:undefined:undefined:undefined:undefined":3,"s:34:4:34:Infinity":7,"s:34:34:34:Infinity":8,"s:36:4:49:Infinity":9,"s:37:18:37:Infinity":10,"s:38:21:38:Infinity":11,"s:39:40:39:Infinity":12,"s:41:6:45:Infinity":13,"b:42:8:44:Infinity:undefined:undefined:undefined:undefined":4,"s:42:8:44:Infinity":14,"b:42:12:42:38:42:38:42:48:42:48:42:72":5,"s:43:10:43:Infinity":15,"s:46:6:46:Infinity":16,"s:48:6:48:Infinity":17,"f:55:15:55:38":2,"s:56:4:56:Infinity":18,"f:62:15:62:33":3,"b:63:4:63:Infinity:undefined:undefined:undefined:undefined":6,"s:63:4:63:Infinity":19,"s:63:34:63:Infinity":20,"s:65:4:75:Infinity":21,"s:66:18:66:Infinity":22,"s:67:21:67:Infinity":23,"s:68:27:68:Infinity":24,"f:68:44:68:51":4,"s:68:56:68:76":25,"b:70:6:72:Infinity:undefined:undefined:undefined:undefined":7,"s:70:6:72:Infinity":26,"s:71:8:71:Infinity":27,"s:74:6:74:Infinity":28,"s:79:37:79:Infinity":29},"fnNames":{}}}
,"/workspaces/lazarus-form-recovery/src/common/crypto/vault.ts": {"path":"/workspaces/lazarus-form-recovery/src/common/crypto/vault.ts","statementMap":{"0":{"start":{"line":5,"column":23},"end":{"line":5,"column":null}},"1":{"start":{"line":6,"column":25},"end":{"line":6,"column":null}},"2":{"start":{"line":7,"column":26},"end":{"line":7,"column":null}},"3":{"start":{"line":8,"column":29},"end":{"line":8,"column":null}},"4":{"start":{"line":11,"column":40},"end":{"line":11,"column":null}},"5":{"start":{"line":12,"column":31},"end":{"line":12,"column":null}},"6":{"start":{"line":13,"column":36},"end":{"line":13,"column":null}},"7":{"start":{"line":14,"column":36},"end":{"line":14,"column":null}},"8":{"start":{"line":17,"column":4},"end":{"line":17,"column":null}},"9":{"start":{"line":21,"column":4},"end":{"line":28,"column":null}},"10":{"start":{"line":22,"column":22},"end":{"line":22,"column":null}},"11":{"start":{"line":23,"column":6},"end":{"line":25,"column":null}},"12":{"start":{"line":24,"column":8},"end":{"line":24,"column":null}},"13":{"start":{"line":32,"column":4},"end":{"line":32,"column":null}},"14":{"start":{"line":33,"column":4},"end":{"line":33,"column":null}},"15":{"start":{"line":37,"column":23},"end":{"line":37,"column":null}},"16":{"start":{"line":38,"column":24},"end":{"line":38,"column":null}},"17":{"start":{"line":39,"column":4},"end":{"line":39,"column":null}},"18":{"start":{"line":43,"column":4},"end":{"line":43,"column":null}},"19":{"start":{"line":47,"column":24},"end":{"line":47,"column":null}},"20":{"start":{"line":48,"column":21},"end":{"line":48,"column":null}},"21":{"start":{"line":51,"column":4},"end":{"line":55,"column":null}},"22":{"start":{"line":52,"column":22},"end":{"line":52,"column":null}},"23":{"start":{"line":53,"column":20},"end":{"line":53,"column":null}},"24":{"start":{"line":54,"column":6},"end":{"line":54,"column":null}},"25":{"start":{"line":57,"column":4},"end":{"line":62,"column":null}},"26":{"start":{"line":69,"column":4},"end":{"line":71,"column":null}},"27":{"start":{"line":70,"column":6},"end":{"line":70,"column":null}},"28":{"start":{"line":74,"column":17},"end":{"line":74,"column":null}},"29":{"start":{"line":75,"column":23},"end":{"line":75,"column":null}},"30":{"start":{"line":77,"column":16},"end":{"line":77,"column":null}},"31":{"start":{"line":78,"column":30},"end":{"line":78,"column":null}},"32":{"start":{"line":80,"column":16},"end":{"line":80,"column":null}},"33":{"start":{"line":81,"column":4},"end":{"line":81,"column":null}},"34":{"start":{"line":82,"column":4},"end":{"line":82,"column":null}},"35":{"start":{"line":84,"column":4},"end":{"line":84,"column":null}},"36":{"start":{"line":85,"column":4},"end":{"line":85,"column":null}},"37":{"start":{"line":86,"column":4},"end":{"line":86,"column":null}},"38":{"start":{"line":93,"column":23},"end":{"line":93,"column":null}},"39":{"start":{"line":94,"column":24},"end":{"line":94,"column":null}},"40":{"start":{"line":96,"column":4},"end":{"line":98,"column":null}},"41":{"start":{"line":97,"column":6},"end":{"line":97,"column":null}},"42":{"start":{"line":100,"column":23},"end":{"line":100,"column":null}},"43":{"start":{"line":101,"column":17},"end":{"line":101,"column":null}},"44":{"start":{"line":102,"column":4},"end":{"line":104,"column":null}},"45":{"start":{"line":102,"column":17},"end":{"line":102,"column":20}},"46":{"start":{"line":103,"column":6},"end":{"line":103,"column":null}},"47":{"start":{"line":106,"column":4},"end":{"line":119,"column":null}},"48":{"start":{"line":107,"column":18},"end":{"line":107,"column":null}},"49":{"start":{"line":108,"column":32},"end":{"line":108,"column":null}},"50":{"start":{"line":110,"column":6},"end":{"line":115,"column":null}},"51":{"start":{"line":111,"column":8},"end":{"line":111,"column":null}},"52":{"start":{"line":112,"column":8},"end":{"line":112,"column":null}},"53":{"start":{"line":113,"column":8},"end":{"line":113,"column":null}},"54":{"start":{"line":114,"column":8},"end":{"line":114,"column":null}},"55":{"start":{"line":116,"column":6},"end":{"line":116,"column":null}},"56":{"start":{"line":118,"column":6},"end":{"line":118,"column":null}},"57":{"start":{"line":126,"column":4},"end":{"line":126,"column":null}},"58":{"start":{"line":127,"column":4},"end":{"line":127,"column":null}},"59":{"start":{"line":128,"column":4},"end":{"line":131,"column":null}},"60":{"start":{"line":129,"column":6},"end":{"line":129,"column":null}},"61":{"start":{"line":130,"column":6},"end":{"line":130,"column":null}},"62":{"start":{"line":138,"column":4},"end":{"line":143,"column":null}},"63":{"start":{"line":139,"column":20},"end":{"line":139,"column":null}},"64":{"start":{"line":140,"column":6},"end":{"line":140,"column":null}},"65":{"start":{"line":140,"column":18},"end":{"line":140,"column":null}},"66":{"start":{"line":141,"column":11},"end":{"line":143,"column":null}},"67":{"start":{"line":142,"column":6},"end":{"line":142,"column":null}},"68":{"start":{"line":145,"column":4},"end":{"line":145,"column":null}},"69":{"start":{"line":146,"column":4},"end":{"line":146,"column":null}},"70":{"start":{"line":147,"column":4},"end":{"line":147,"column":null}},"71":{"start":{"line":148,"column":4},"end":{"line":148,"column":null}},"72":{"start":{"line":152,"column":4},"end":{"line":155,"column":null}},"73":{"start":{"line":153,"column":6},"end":{"line":153,"column":null}},"74":{"start":{"line":154,"column":6},"end":{"line":154,"column":null}},"75":{"start":{"line":157,"column":4},"end":{"line":161,"column":null}},"76":{"start":{"line":158,"column":6},"end":{"line":160,"column":null}},"77":{"start":{"line":159,"column":8},"end":{"line":159,"column":null}},"78":{"start":{"line":168,"column":4},"end":{"line":172,"column":null}},"79":{"start":{"line":169,"column":6},"end":{"line":169,"column":null}},"80":{"start":{"line":170,"column":25},"end":{"line":170,"column":null}},"81":{"start":{"line":171,"column":6},"end":{"line":171,"column":null}},"82":{"start":{"line":173,"column":4},"end":{"line":173,"column":null}},"83":{"start":{"line":180,"column":4},"end":{"line":186,"column":null}},"84":{"start":{"line":181,"column":6},"end":{"line":183,"column":null}},"85":{"start":{"line":182,"column":8},"end":{"line":182,"column":null}},"86":{"start":{"line":184,"column":6},"end":{"line":184,"column":null}},"87":{"start":{"line":185,"column":6},"end":{"line":185,"column":null}},"88":{"start":{"line":187,"column":4},"end":{"line":187,"column":null}},"89":{"start":{"line":191,"column":21},"end":{"line":191,"column":null}}},"fnMap":{"0":{"name":"constructor","decl":{"start":{"line":16,"column":2},"end":{"line":16,"column":16}},"loc":{"start":{"line":16,"column":16},"end":{"line":18,"column":null}},"line":16},"1":{"name":"initAutoLockDuration","decl":{"start":{"line":20,"column":16},"end":{"line":20,"column":39}},"loc":{"start":{"line":20,"column":39},"end":{"line":29,"column":null}},"line":20},"2":{"name":"setAutoLockMinutes","decl":{"start":{"line":31,"column":2},"end":{"line":31,"column":9}},"loc":{"start":{"line":31,"column":45},"end":{"line":34,"column":null}},"line":31},"3":{"name":"hasMasterPassword","decl":{"start":{"line":36,"column":15},"end":{"line":36,"column":53}},"loc":{"start":{"line":36,"column":53},"end":{"line":40,"column":null}},"line":36},"4":{"name":"isUnlocked","decl":{"start":{"line":42,"column":2},"end":{"line":42,"column":9}},"loc":{"start":{"line":42,"column":31},"end":{"line":44,"column":null}},"line":42},"5":{"name":"getStatus","decl":{"start":{"line":46,"column":15},"end":{"line":46,"column":49}},"loc":{"start":{"line":46,"column":49},"end":{"line":63,"column":null}},"line":46},"6":{"name":"setMasterPassword","decl":{"start":{"line":68,"column":15},"end":{"line":68,"column":33}},"loc":{"start":{"line":68,"column":69},"end":{"line":87,"column":null}},"line":68},"7":{"name":"unlock","decl":{"start":{"line":92,"column":15},"end":{"line":92,"column":22}},"loc":{"start":{"line":92,"column":58},"end":{"line":120,"column":null}},"line":92},"8":{"name":"lock","decl":{"start":{"line":125,"column":2},"end":{"line":125,"column":9}},"loc":{"start":{"line":125,"column":22},"end":{"line":132,"column":null}},"line":125},"9":{"name":"removeMasterPassword","decl":{"start":{"line":137,"column":15},"end":{"line":137,"column":36}},"loc":{"start":{"line":137,"column":80},"end":{"line":149,"column":null}},"line":137},"10":{"name":"resetAutoLockTimer","decl":{"start":{"line":151,"column":2},"end":{"line":151,"column":10}},"loc":{"start":{"line":151,"column":37},"end":{"line":162,"column":null}},"line":151},"11":{"name":"(anonymous_11)","decl":{"start":{"line":158,"column":27},"end":{"line":158,"column":44}},"loc":{"start":{"line":158,"column":44},"end":{"line":160,"column":9}},"line":158},"12":{"name":"encrypt","decl":{"start":{"line":167,"column":15},"end":{"line":167,"column":23}},"loc":{"start":{"line":167,"column":103},"end":{"line":174,"column":null}},"line":167},"13":{"name":"decrypt","decl":{"start":{"line":179,"column":15},"end":{"line":179,"column":23}},"loc":{"start":{"line":179,"column":68},"end":{"line":188,"column":null}},"line":179}},"branchMap":{"0":{"loc":{"start":{"line":23,"column":6},"end":{"line":25,"column":null}},"type":"if","locations":[{"start":{"line":23,"column":6},"end":{"line":25,"column":null}},{"start":{},"end":{}}],"line":23},"1":{"loc":{"start":{"line":23,"column":10},"end":{"line":23,"column":56}},"type":"binary-expr","locations":[{"start":{"line":23,"column":10},"end":{"line":23,"column":21}},{"start":{"line":23,"column":21},"end":{"line":23,"column":56}}],"line":23},"2":{"loc":{"start":{"line":39,"column":19},"end":{"line":39,"column":58}},"type":"binary-expr","locations":[{"start":{"line":39,"column":19},"end":{"line":39,"column":40}},{"start":{"line":39,"column":40},"end":{"line":39,"column":58}}],"line":39},"3":{"loc":{"start":{"line":51,"column":4},"end":{"line":55,"column":null}},"type":"if","locations":[{"start":{"line":51,"column":4},"end":{"line":55,"column":null}},{"start":{},"end":{}}],"line":51},"4":{"loc":{"start":{"line":51,"column":8},"end":{"line":51,"column":46}},"type":"binary-expr","locations":[{"start":{"line":51,"column":8},"end":{"line":51,"column":20}},{"start":{"line":51,"column":20},"end":{"line":51,"column":46}}],"line":51},"5":{"loc":{"start":{"line":69,"column":4},"end":{"line":71,"column":null}},"type":"if","locations":[{"start":{"line":69,"column":4},"end":{"line":71,"column":null}},{"start":{},"end":{}}],"line":69},"6":{"loc":{"start":{"line":69,"column":8},"end":{"line":69,"column":48}},"type":"binary-expr","locations":[{"start":{"line":69,"column":8},"end":{"line":69,"column":24}},{"start":{"line":69,"column":24},"end":{"line":69,"column":48}}],"line":69},"7":{"loc":{"start":{"line":96,"column":4},"end":{"line":98,"column":null}},"type":"if","locations":[{"start":{"line":96,"column":4},"end":{"line":98,"column":null}},{"start":{},"end":{}}],"line":96},"8":{"loc":{"start":{"line":96,"column":8},"end":{"line":96,"column":51}},"type":"binary-expr","locations":[{"start":{"line":96,"column":8},"end":{"line":96,"column":30}},{"start":{"line":96,"column":30},"end":{"line":96,"column":51}}],"line":96},"9":{"loc":{"start":{"line":110,"column":6},"end":{"line":115,"column":null}},"type":"if","locations":[{"start":{"line":110,"column":6},"end":{"line":115,"column":null}},{"start":{},"end":{}}],"line":110},"10":{"loc":{"start":{"line":128,"column":4},"end":{"line":131,"column":null}},"type":"if","locations":[{"start":{"line":128,"column":4},"end":{"line":131,"column":null}},{"start":{},"end":{}}],"line":128},"11":{"loc":{"start":{"line":138,"column":4},"end":{"line":143,"column":null}},"type":"if","locations":[{"start":{"line":138,"column":4},"end":{"line":143,"column":null}},{"start":{"line":141,"column":11},"end":{"line":143,"column":null}}],"line":138},"12":{"loc":{"start":{"line":140,"column":6},"end":{"line":140,"column":null}},"type":"if","locations":[{"start":{"line":140,"column":6},"end":{"line":140,"column":null}},{"start":{},"end":{}}],"line":140},"13":{"loc":{"start":{"line":141,"column":11},"end":{"line":143,"column":null}},"type":"if","locations":[{"start":{"line":141,"column":11},"end":{"line":143,"column":null}},{"start":{},"end":{}}],"line":141},"14":{"loc":{"start":{"line":152,"column":4},"end":{"line":155,"column":null}},"type":"if","locations":[{"start":{"line":152,"column":4},"end":{"line":155,"column":null}},{"start":{},"end":{}}],"line":152},"15":{"loc":{"start":{"line":157,"column":4},"end":{"line":161,"column":null}},"type":"if","locations":[{"start":{"line":157,"column":4},"end":{"line":161,"column":null}},{"start":{},"end":{}}],"line":157},"16":{"loc":{"start":{"line":157,"column":8},"end":{"line":157,"column":52}},"type":"binary-expr","locations":[{"start":{"line":157,"column":8},"end":{"line":157,"column":36}},{"start":{"line":157,"column":36},"end":{"line":157,"column":52}}],"line":157},"17":{"loc":{"start":{"line":168,"column":4},"end":{"line":172,"column":null}},"type":"if","locations":[{"start":{"line":168,"column":4},"end":{"line":172,"column":null}},{"start":{},"end":{}}],"line":168},"18":{"loc":{"start":{"line":180,"column":4},"end":{"line":186,"column":null}},"type":"if","locations":[{"start":{"line":180,"column":4},"end":{"line":186,"column":null}},{"start":{},"end":{}}],"line":180},"19":{"loc":{"start":{"line":181,"column":6},"end":{"line":183,"column":null}},"type":"if","locations":[{"start":{"line":181,"column":6},"end":{"line":183,"column":null}},{"start":{},"end":{}}],"line":181}},"s":{"0":9,"1":9,"2":9,"3":9,"4":18,"5":18,"6":18,"7":18,"8":18,"9":18,"10":18,"11":16,"12":0,"13":1,"14":1,"15":6,"16":6,"17":6,"18":15,"19":2,"20":2,"21":2,"22":1,"23":1,"24":1,"25":2,"26":10,"27":0,"28":10,"29":10,"30":10,"31":10,"32":10,"33":10,"34":10,"35":10,"36":10,"37":10,"38":10,"39":10,"40":10,"41":1,"42":9,"43":9,"44":9,"45":9,"46":288,"47":9,"48":9,"49":9,"50":5,"51":5,"52":5,"53":5,"54":5,"55":0,"56":4,"57":17,"58":17,"59":17,"60":10,"61":10,"62":5,"63":2,"64":2,"65":1,"66":3,"67":2,"68":2,"69":2,"70":2,"71":2,"72":25,"73":11,"74":11,"75":25,"76":25,"77":1,"78":56,"79":4,"80":4,"81":4,"82":52,"83":27,"84":10,"85":5,"86":5,"87":5,"88":17,"89":9},"f":{"0":18,"1":18,"2":1,"3":6,"4":15,"5":2,"6":10,"7":10,"8":17,"9":5,"10":25,"11":1,"12":56,"13":27},"b":{"0":[0,16],"1":[16,0],"2":[6,2],"3":[1,1],"4":[2,1],"5":[0,10],"6":[10,10],"7":[1,9],"8":[10,9],"9":[5,0],"10":[10,7],"11":[2,3],"12":[1,1],"13":[2,1],"14":[11,14],"15":[25,0],"16":[25,25],"17":[4,52],"18":[10,17],"19":[5,5]},"meta":{"lastBranch":20,"lastFunction":14,"lastStatement":90,"seen":{"s:5:23:5:Infinity":0,"s:6:25:6:Infinity":1,"s:7:26:7:Infinity":2,"s:8:29:8:Infinity":3,"s:11:40:11:Infinity":4,"s:12:31:12:Infinity":5,"s:13:36:13:Infinity":6,"s:14:36:14:Infinity":7,"f:16:2:16:16":0,"s:17:4:17:Infinity":8,"f:20:16:20:39":1,"s:21:4:28:Infinity":9,"s:22:22:22:Infinity":10,"b:23:6:25:Infinity:undefined:undefined:undefined:undefined":0,"s:23:6:25:Infinity":11,"b:23:10:23:21:23:21:23:56":1,"s:24:8:24:Infinity":12,"f:31:2:31:9":2,"s:32:4:32:Infinity":13,"s:33:4:33:Infinity":14,"f:36:15:36:53":3,"s:37:23:37:Infinity":15,"s:38:24:38:Infinity":16,"s:39:4:39:Infinity":17,"b:39:19:39:40:39:40:39:58":2,"f:42:2:42:9":4,"s:43:4:43:Infinity":18,"f:46:15:46:49":5,"s:47:24:47:Infinity":19,"s:48:21:48:Infinity":20,"b:51:4:55:Infinity:undefined:undefined:undefined:undefined":3,"s:51:4:55:Infinity":21,"b:51:8:51:20:51:20:51:46":4,"s:52:22:52:Infinity":22,"s:53:20:53:Infinity":23,"s:54:6:54:Infinity":24,"s:57:4:62:Infinity":25,"f:68:15:68:33":6,"b:69:4:71:Infinity:undefined:undefined:undefined:undefined":5,"s:69:4:71:Infinity":26,"b:69:8:69:24:69:24:69:48":6,"s:70:6:70:Infinity":27,"s:74:17:74:Infinity":28,"s:75:23:75:Infinity":29,"s:77:16:77:Infinity":30,"s:78:30:78:Infinity":31,"s:80:16:80:Infinity":32,"s:81:4:81:Infinity":33,"s:82:4:82:Infinity":34,"s:84:4:84:Infinity":35,"s:85:4:85:Infinity":36,"s:86:4:86:Infinity":37,"f:92:15:92:22":7,"s:93:23:93:Infinity":38,"s:94:24:94:Infinity":39,"b:96:4:98:Infinity:undefined:undefined:undefined:undefined":7,"s:96:4:98:Infinity":40,"b:96:8:96:30:96:30:96:51":8,"s:97:6:97:Infinity":41,"s:100:23:100:Infinity":42,"s:101:17:101:Infinity":43,"s:102:4:104:Infinity":44,"s:102:17:102:20":45,"s:103:6:103:Infinity":46,"s:106:4:119:Infinity":47,"s:107:18:107:Infinity":48,"s:108:32:108:Infinity":49,"b:110:6:115:Infinity:undefined:undefined:undefined:undefined":9,"s:110:6:115:Infinity":50,"s:111:8:111:Infinity":51,"s:112:8:112:Infinity":52,"s:113:8:113:Infinity":53,"s:114:8:114:Infinity":54,"s:116:6:116:Infinity":55,"s:118:6:118:Infinity":56,"f:125:2:125:9":8,"s:126:4:126:Infinity":57,"s:127:4:127:Infinity":58,"b:128:4:131:Infinity:undefined:undefined:undefined:undefined":10,"s:128:4:131:Infinity":59,"s:129:6:129:Infinity":60,"s:130:6:130:Infinity":61,"f:137:15:137:36":9,"b:138:4:143:Infinity:141:11:143:Infinity":11,"s:138:4:143:Infinity":62,"s:139:20:139:Infinity":63,"b:140:6:140:Infinity:undefined:undefined:undefined:undefined":12,"s:140:6:140:Infinity":64,"s:140:18:140:Infinity":65,"b:141:11:143:Infinity:undefined:undefined:undefined:undefined":13,"s:141:11:143:Infinity":66,"s:142:6:142:Infinity":67,"s:145:4:145:Infinity":68,"s:146:4:146:Infinity":69,"s:147:4:147:Infinity":70,"s:148:4:148:Infinity":71,"f:151:2:151:10":10,"b:152:4:155:Infinity:undefined:undefined:undefined:undefined":14,"s:152:4:155:Infinity":72,"s:153:6:153:Infinity":73,"s:154:6:154:Infinity":74,"b:157:4:161:Infinity:undefined:undefined:undefined:undefined":15,"s:157:4:161:Infinity":75,"b:157:8:157:36:157:36:157:52":16,"s:158:6:160:Infinity":76,"f:158:27:158:44":11,"s:159:8:159:Infinity":77,"f:167:15:167:23":12,"b:168:4:172:Infinity:undefined:undefined:undefined:undefined":17,"s:168:4:172:Infinity":78,"s:169:6:169:Infinity":79,"s:170:25:170:Infinity":80,"s:171:6:171:Infinity":81,"s:173:4:173:Infinity":82,"f:179:15:179:23":13,"b:180:4:186:Infinity:undefined:undefined:undefined:undefined":18,"s:180:4:186:Infinity":83,"b:181:6:183:Infinity:undefined:undefined:undefined:undefined":19,"s:181:6:183:Infinity":84,"s:182:8:182:Infinity":85,"s:184:6:184:Infinity":86,"s:185:6:185:Infinity":87,"s:187:4:187:Infinity":88,"s:191:21:191:Infinity":89},"fnNames":{}}}
,"/workspaces/lazarus-form-recovery/src/common/crypto/web-crypto.ts": {"path":"/workspaces/lazarus-form-recovery/src/common/crypto/web-crypto.ts","statementMap":{"0":{"start":{"line":2,"column":46},"end":{"line":2,"column":null}},"1":{"start":{"line":3,"column":43},"end":{"line":3,"column":null}},"2":{"start":{"line":4,"column":38},"end":{"line":4,"column":null}},"3":{"start":{"line":10,"column":16},"end":{"line":10,"column":null}},"4":{"start":{"line":11,"column":24},"end":{"line":17,"column":null}},"5":{"start":{"line":19,"column":4},"end":{"line":30,"column":null}},"6":{"start":{"line":38,"column":16},"end":{"line":38,"column":null}},"7":{"start":{"line":39,"column":15},"end":{"line":39,"column":null}},"8":{"start":{"line":40,"column":25},"end":{"line":44,"column":null}},"9":{"start":{"line":46,"column":21},"end":{"line":46,"column":null}},"10":{"start":{"line":47,"column":4},"end":{"line":47,"column":null}},"11":{"start":{"line":48,"column":4},"end":{"line":48,"column":null}},"12":{"start":{"line":50,"column":4},"end":{"line":50,"column":null}},"13":{"start":{"line":57,"column":19},"end":{"line":57,"column":null}},"14":{"start":{"line":58,"column":21},"end":{"line":58,"column":null}},"15":{"start":{"line":59,"column":4},"end":{"line":61,"column":null}},"16":{"start":{"line":59,"column":17},"end":{"line":59,"column":20}},"17":{"start":{"line":60,"column":6},"end":{"line":60,"column":null}},"18":{"start":{"line":63,"column":15},"end":{"line":63,"column":null}},"19":{"start":{"line":64,"column":25},"end":{"line":64,"column":null}},"20":{"start":{"line":66,"column":24},"end":{"line":70,"column":null}},"21":{"start":{"line":72,"column":4},"end":{"line":72,"column":null}}},"fnMap":{"0":{"name":"deriveKey","decl":{"start":{"line":9,"column":22},"end":{"line":9,"column":32}},"loc":{"start":{"line":9,"column":88},"end":{"line":31,"column":null}},"line":9},"1":{"name":"encrypt","decl":{"start":{"line":37,"column":22},"end":{"line":37,"column":30}},"loc":{"start":{"line":37,"column":82},"end":{"line":51,"column":null}},"line":37},"2":{"name":"decrypt","decl":{"start":{"line":56,"column":22},"end":{"line":56,"column":30}},"loc":{"start":{"line":56,"column":85},"end":{"line":73,"column":null}},"line":56}},"branchMap":{},"s":{"0":10,"1":10,"2":10,"3":33,"4":33,"5":33,"6":24,"7":24,"8":24,"9":24,"10":24,"11":24,"12":24,"13":25,"14":25,"15":25,"16":25,"17":52899,"18":24,"19":24,"20":24,"21":17},"f":{"0":10,"1":10,"2":10},"b":{},"meta":{"lastBranch":0,"lastFunction":3,"lastStatement":22,"seen":{"s:2:46:2:Infinity":0,"s:3:43:3:Infinity":1,"s:4:38:4:Infinity":2,"f:9:22:9:32":0,"s:10:16:10:Infinity":3,"s:11:24:17:Infinity":4,"s:19:4:30:Infinity":5,"f:37:22:37:30":1,"s:38:16:38:Infinity":6,"s:39:15:39:Infinity":7,"s:40:25:44:Infinity":8,"s:46:21:46:Infinity":9,"s:47:4:47:Infinity":10,"s:48:4:48:Infinity":11,"s:50:4:50:Infinity":12,"f:56:22:56:30":2,"s:57:19:57:Infinity":13,"s:58:21:58:Infinity":14,"s:59:4:61:Infinity":15,"s:59:17:59:20":16,"s:60:6:60:Infinity":17,"s:63:15:63:Infinity":18,"s:64:25:64:Infinity":19,"s:66:24:70:Infinity":20,"s:72:4:72:Infinity":21},"fnNames":{}}}
,"/workspaces/lazarus-form-recovery/src/common/db/lazarus-db.ts": {"path":"/workspaces/lazarus-form-recovery/src/common/db/lazarus-db.ts","statementMap":{"0":{"start":{"line":11,"column":4},"end":{"line":11,"column":null}},"1":{"start":{"line":13,"column":4},"end":{"line":18,"column":null}},"2":{"start":{"line":20,"column":4},"end":{"line":25,"column":null}},"3":{"start":{"line":29,"column":18},"end":{"line":29,"column":null}}},"fnMap":{"0":{"name":"constructor","decl":{"start":{"line":10,"column":2},"end":{"line":10,"column":16}},"loc":{"start":{"line":10,"column":16},"end":{"line":26,"column":null}},"line":10}},"branchMap":{},"s":{"0":17,"1":17,"2":17,"3":10},"f":{"0":17},"b":{},"meta":{"lastBranch":0,"lastFunction":1,"lastStatement":4,"seen":{"f:10:2:10:16":0,"s:11:4:11:Infinity":0,"s:13:4:18:Infinity":1,"s:20:4:25:Infinity":2,"s:29:18:29:Infinity":3},"fnNames":{}}}
,"/workspaces/lazarus-form-recovery/src/common/db/repository.ts": {"path":"/workspaces/lazarus-form-recovery/src/common/db/repository.ts","statementMap":{"0":{"start":{"line":12,"column":2},"end":{"line":12,"column":null}},"1":{"start":{"line":12,"column":15},"end":{"line":12,"column":null}},"2":{"start":{"line":13,"column":14},"end":{"line":13,"column":null}},"3":{"start":{"line":14,"column":2},"end":{"line":14,"column":null}},"4":{"start":{"line":15,"column":2},"end":{"line":15,"column":null}},"5":{"start":{"line":16,"column":2},"end":{"line":16,"column":null}},"6":{"start":{"line":17,"column":2},"end":{"line":17,"column":null}},"7":{"start":{"line":25,"column":19},"end":{"line":25,"column":null}},"8":{"start":{"line":26,"column":22},"end":{"line":26,"column":null}},"9":{"start":{"line":28,"column":2},"end":{"line":28,"column":null}},"10":{"start":{"line":28,"column":32},"end":{"line":28,"column":null}},"11":{"start":{"line":31,"column":23},"end":{"line":33,"column":null}},"12":{"start":{"line":35,"column":2},"end":{"line":35,"column":null}},"13":{"start":{"line":43,"column":20},"end":{"line":43,"column":null}},"14":{"start":{"line":44,"column":40},"end":{"line":44,"column":null}},"15":{"start":{"line":46,"column":4},"end":{"line":50,"column":null}},"16":{"start":{"line":47,"column":6},"end":{"line":49,"column":null}},"17":{"start":{"line":48,"column":8},"end":{"line":48,"column":null}},"18":{"start":{"line":51,"column":4},"end":{"line":51,"column":null}},"19":{"start":{"line":58,"column":16},"end":{"line":58,"column":null}},"20":{"start":{"line":59,"column":4},"end":{"line":65,"column":null}},"21":{"start":{"line":60,"column":6},"end":{"line":64,"column":null}},"22":{"start":{"line":66,"column":4},"end":{"line":66,"column":null}},"23":{"start":{"line":73,"column":21},"end":{"line":73,"column":null}},"24":{"start":{"line":74,"column":4},"end":{"line":78,"column":null}},"25":{"start":{"line":75,"column":6},"end":{"line":77,"column":null}},"26":{"start":{"line":76,"column":8},"end":{"line":76,"column":null}},"27":{"start":{"line":79,"column":4},"end":{"line":79,"column":null}},"28":{"start":{"line":86,"column":21},"end":{"line":86,"column":null}},"29":{"start":{"line":87,"column":4},"end":{"line":90,"column":null}},"30":{"start":{"line":88,"column":6},"end":{"line":88,"column":null}},"31":{"start":{"line":89,"column":6},"end":{"line":89,"column":null}},"32":{"start":{"line":92,"column":4},"end":{"line":97,"column":null}},"33":{"start":{"line":93,"column":23},"end":{"line":93,"column":null}},"34":{"start":{"line":94,"column":6},"end":{"line":94,"column":null}},"35":{"start":{"line":95,"column":6},"end":{"line":95,"column":null}},"36":{"start":{"line":96,"column":6},"end":{"line":96,"column":null}},"37":{"start":{"line":104,"column":21},"end":{"line":104,"column":null}},"38":{"start":{"line":105,"column":20},"end":{"line":105,"column":null}},"39":{"start":{"line":105,"column":57},"end":{"line":105,"column":69}},"40":{"start":{"line":106,"column":4},"end":{"line":106,"column":null}},"41":{"start":{"line":119,"column":19},"end":{"line":119,"column":null}},"42":{"start":{"line":120,"column":21},"end":{"line":120,"column":null}},"43":{"start":{"line":121,"column":16},"end":{"line":121,"column":null}},"44":{"start":{"line":122,"column":27},"end":{"line":122,"column":null}},"45":{"start":{"line":125,"column":39},"end":{"line":125,"column":null}},"46":{"start":{"line":126,"column":4},"end":{"line":140,"column":null}},"47":{"start":{"line":127,"column":6},"end":{"line":132,"column":null}},"48":{"start":{"line":130,"column":21},"end":{"line":130,"column":74}},"49":{"start":{"line":134,"column":6},"end":{"line":139,"column":null}},"50":{"start":{"line":137,"column":21},"end":{"line":137,"column":74}},"51":{"start":{"line":142,"column":27},"end":{"line":142,"column":null}},"52":{"start":{"line":143,"column":30},"end":{"line":143,"column":null}},"53":{"start":{"line":143,"column":67},"end":{"line":143,"column":105}},"54":{"start":{"line":146,"column":34},"end":{"line":146,"column":null}},"55":{"start":{"line":147,"column":36},"end":{"line":147,"column":null}},"56":{"start":{"line":149,"column":31},"end":{"line":149,"column":null}},"57":{"start":{"line":150,"column":4},"end":{"line":156,"column":null}},"58":{"start":{"line":151,"column":20},"end":{"line":151,"column":null}},"59":{"start":{"line":152,"column":25},"end":{"line":152,"column":null}},"60":{"start":{"line":153,"column":6},"end":{"line":155,"column":null}},"61":{"start":{"line":154,"column":8},"end":{"line":154,"column":null}},"62":{"start":{"line":158,"column":40},"end":{"line":158,"column":null}},"63":{"start":{"line":159,"column":26},"end":{"line":159,"column":null}},"64":{"start":{"line":162,"column":6},"end":{"line":167,"column":null}},"65":{"start":{"line":173,"column":4},"end":{"line":183,"column":null}},"66":{"start":{"line":175,"column":6},"end":{"line":175,"column":null}},"67":{"start":{"line":176,"column":6},"end":{"line":176,"column":null}},"68":{"start":{"line":177,"column":6},"end":{"line":177,"column":null}},"69":{"start":{"line":180,"column":6},"end":{"line":180,"column":null}},"70":{"start":{"line":181,"column":6},"end":{"line":181,"column":null}},"71":{"start":{"line":182,"column":6},"end":{"line":182,"column":null}},"72":{"start":{"line":186,"column":27},"end":{"line":186,"column":null}},"73":{"start":{"line":187,"column":4},"end":{"line":193,"column":null}},"74":{"start":{"line":196,"column":50},"end":{"line":196,"column":null}},"75":{"start":{"line":199,"column":4},"end":{"line":212,"column":null}},"76":{"start":{"line":215,"column":4},"end":{"line":237,"column":null}},"77":{"start":{"line":216,"column":6},"end":{"line":236,"column":null}},"78":{"start":{"line":217,"column":8},"end":{"line":217,"column":null}},"79":{"start":{"line":217,"column":41},"end":{"line":217,"column":null}},"80":{"start":{"line":218,"column":26},"end":{"line":218,"column":null}},"81":{"start":{"line":219,"column":26},"end":{"line":219,"column":null}},"82":{"start":{"line":220,"column":24},"end":{"line":220,"column":null}},"83":{"start":{"line":222,"column":61},"end":{"line":222,"column":null}},"84":{"start":{"line":224,"column":8},"end":{"line":235,"column":null}},"85":{"start":{"line":240,"column":4},"end":{"line":248,"column":null}},"86":{"start":{"line":241,"column":31},"end":{"line":241,"column":null}},"87":{"start":{"line":242,"column":6},"end":{"line":247,"column":null}},"88":{"start":{"line":243,"column":8},"end":{"line":246,"column":null}},"89":{"start":{"line":244,"column":10},"end":{"line":244,"column":null}},"90":{"start":{"line":245,"column":10},"end":{"line":245,"column":null}},"91":{"start":{"line":250,"column":4},"end":{"line":250,"column":null}},"92":{"start":{"line":258,"column":21},"end":{"line":258,"column":null}},"93":{"start":{"line":261,"column":29},"end":{"line":261,"column":null}},"94":{"start":{"line":262,"column":4},"end":{"line":276,"column":null}},"95":{"start":{"line":263,"column":6},"end":{"line":268,"column":null}},"96":{"start":{"line":266,"column":21},"end":{"line":266,"column":64}},"97":{"start":{"line":270,"column":6},"end":{"line":275,"column":null}},"98":{"start":{"line":273,"column":21},"end":{"line":273,"column":112}},"99":{"start":{"line":279,"column":4},"end":{"line":286,"column":null}},"100":{"start":{"line":280,"column":6},"end":{"line":285,"column":null}},"101":{"start":{"line":283,"column":21},"end":{"line":283,"column":88}},"102":{"start":{"line":289,"column":4},"end":{"line":296,"column":null}},"103":{"start":{"line":290,"column":6},"end":{"line":295,"column":null}},"104":{"start":{"line":293,"column":21},"end":{"line":293,"column":64}},"105":{"start":{"line":298,"column":26},"end":{"line":316,"column":null}},"106":{"start":{"line":300,"column":18},"end":{"line":300,"column":null}},"107":{"start":{"line":301,"column":8},"end":{"line":305,"column":null}},"108":{"start":{"line":302,"column":10},"end":{"line":302,"column":null}},"109":{"start":{"line":304,"column":10},"end":{"line":304,"column":null}},"110":{"start":{"line":306,"column":8},"end":{"line":314,"column":null}},"111":{"start":{"line":319,"column":32},"end":{"line":319,"column":null}},"112":{"start":{"line":320,"column":23},"end":{"line":320,"column":null}},"113":{"start":{"line":322,"column":4},"end":{"line":328,"column":null}},"114":{"start":{"line":323,"column":25},"end":{"line":323,"column":null}},"115":{"start":{"line":324,"column":6},"end":{"line":327,"column":null}},"116":{"start":{"line":325,"column":8},"end":{"line":325,"column":null}},"117":{"start":{"line":326,"column":8},"end":{"line":326,"column":null}},"118":{"start":{"line":330,"column":4},"end":{"line":330,"column":null}},"119":{"start":{"line":337,"column":21},"end":{"line":337,"column":null}},"120":{"start":{"line":338,"column":27},"end":{"line":338,"column":null}},"121":{"start":{"line":339,"column":4},"end":{"line":353,"column":null}},"122":{"start":{"line":340,"column":6},"end":{"line":345,"column":null}},"123":{"start":{"line":343,"column":21},"end":{"line":343,"column":74}},"124":{"start":{"line":347,"column":6},"end":{"line":352,"column":null}},"125":{"start":{"line":350,"column":21},"end":{"line":350,"column":74}},"126":{"start":{"line":355,"column":4},"end":{"line":355,"column":null}},"127":{"start":{"line":355,"column":44},"end":{"line":355,"column":68}},"128":{"start":{"line":362,"column":21},"end":{"line":362,"column":null}},"129":{"start":{"line":363,"column":27},"end":{"line":363,"column":null}},"130":{"start":{"line":364,"column":4},"end":{"line":378,"column":null}},"131":{"start":{"line":365,"column":6},"end":{"line":370,"column":null}},"132":{"start":{"line":368,"column":21},"end":{"line":368,"column":35}},"133":{"start":{"line":372,"column":6},"end":{"line":377,"column":null}},"134":{"start":{"line":375,"column":21},"end":{"line":375,"column":35}},"135":{"start":{"line":380,"column":4},"end":{"line":380,"column":null}},"136":{"start":{"line":380,"column":60},"end":{"line":380,"column":84}},"137":{"start":{"line":387,"column":17},"end":{"line":387,"column":null}},"138":{"start":{"line":388,"column":22},"end":{"line":392,"column":null}},"139":{"start":{"line":391,"column":19},"end":{"line":391,"column":33}},"140":{"start":{"line":394,"column":19},"end":{"line":404,"column":null}},"141":{"start":{"line":396,"column":18},"end":{"line":396,"column":null}},"142":{"start":{"line":397,"column":8},"end":{"line":401,"column":null}},"143":{"start":{"line":398,"c
[...]
hMap":{"0":{"loc":{"start":{"line":32,"column":27},"end":{"line":32,"column":39}},"type":"default-arg","locations":[{"start":{"line":32,"column":35},"end":{"line":32,"column":39}}],"line":32},"1":{"loc":{"start":{"line":33,"column":34},"end":{"line":35,"column":null}},"type":"cond-expr","locations":[{"start":{"line":34,"column":6},"end":{"line":34,"column":null}},{"start":{"line":35,"column":6},"end":{"line":35,"column":null}}],"line":33},"2":{"loc":{"start":{"line":39,"column":4},"end":{"line":44,"column":null}},"type":"if","locations":[{"start":{"line":39,"column":4},"end":{"line":44,"column":null}},{"start":{"line":42,"column":11},"end":{"line":44,"column":null}}],"line":39},"3":{"loc":{"start":{"line":39,"column":8},"end":{"line":39,"column":49}},"type":"binary-expr","locations":[{"start":{"line":39,"column":8},"end":{"line":39,"column":24}},{"start":{"line":39,"column":24},"end":{"line":39,"column":49}}],"line":39},"4":{"loc":{"start":{"line":52,"column":2},"end":{"line":52,"column":null}},"type":"if","locations":[{"start":{"line":52,"column":2},"end":{"line":52,"column":null}},{"start":{},"end":{}}],"line":52},"5":{"loc":{"start":{"line":56,"column":2},"end":{"line":56,"column":null}},"type":"if","locations":[{"start":{"line":56,"column":2},"end":{"line":56,"column":null}},{"start":{},"end":{}}],"line":56},"6":{"loc":{"start":{"line":57,"column":2},"end":{"line":57,"column":null}},"type":"if","locations":[{"start":{"line":57,"column":2},"end":{"line":57,"column":null}},{"start":{},"end":{}}],"line":57},"7":{"loc":{"start":{"line":60,"column":23},"end":{"line":60,"column":null}},"type":"binary-expr","locations":[{"start":{"line":60,"column":23},"end":{"line":60,"column":50}},{"start":{"line":60,"column":50},"end":{"line":60,"column":null}}],"line":60},"8":{"loc":{"start":{"line":76,"column":48},"end":{"line":76,"column":null}},"type":"cond-expr","locations":[{"start":{"line":76,"column":69},"end":{"line":76,"column":79}},{"start":{"line":76,"column":79},"end":{"line":76,"column":null}}],"line":76},"9":{"loc":{"start":{"line":78,"column":2},"end":{"line":81,"column":null}},"type":"if","locations":[{"start":{"line":78,"column":2},"end":{"line":81,"column":null}},{"start":{},"end":{}}],"line":78},"10":{"loc":{"start":{"line":87,"column":19},"end":{"line":87,"column":null}},"type":"cond-expr","locations":[{"start":{"line":87,"column":48},"end":{"line":87,"column":62}},{"start":{"line":87,"column":62},"end":{"line":87,"column":null}}],"line":87},"11":{"loc":{"start":{"line":93,"column":26},"end":{"line":93,"column":62}},"type":"binary-expr","locations":[{"start":{"line":93,"column":26},"end":{"line":93,"column":37}},{"start":{"line":93,"column":37},"end":{"line":93,"column":62}}],"line":93},"12":{"loc":{"start":{"line":96,"column":79},"end":{"line":96,"column":96}},"type":"binary-expr","locations":[{"start":{"line":96,"column":79},"end":{"line":96,"column":89}},{"start":{"line":96,"column":89},"end":{"line":96,"column":96}}],"line":96},"13":{"loc":{"start":{"line":109,"column":51},"end":{"line":109,"column":83}},"type":"binary-expr","locations":[{"start":{"line":109,"column":51},"end":{"line":109,"column":67}},{"start":{"line":109,"column":67},"end":{"line":109,"column":83}}],"line":109},"14":{"loc":{"start":{"line":110,"column":97},"end":{"line":110,"column":125}},"type":"binary-expr","locations":[{"start":{"line":110,"column":97},"end":{"line":110,"column":121}},{"start":{"line":110,"column":121},"end":{"line":110,"column":125}}],"line":110},"15":{"loc":{"start":{"line":110,"column":125},"end":{"line":110,"column":167}},"type":"cond-expr","locations":[{"start":{"line":110,"column":147},"end":{"line":110,"column":164}},{"start":{"line":110,"column":164},"end":{"line":110,"column":167}}],"line":110},"16":{"loc":{"start":{"line":112,"column":86},"end":{"line":112,"column":113}},"type":"binary-expr","locations":[{"start":{"line":112,"column":86},"end":{"line":112,"column":101}},{"start":{"line":112,"column":101},"end":{"line":112,"column":113}}],"line":112},"17":{"loc":{"start":{"line":114,"column":47},"end":{"line":114,"column":79}},"type":"binary-expr","locations":[{"start":{"line":114,"column":47},"end":{"line":114,"column":69}},{"start":{"line":114,"column":69},"end":{"line":114,"column":79}}],"line":114},"18":{"loc":{"start":{"line":117,"column":10},"end":{"line":117,"column":null}},"type":"binary-expr","locations":[{"start":{"line":117,"column":10},"end":{"line":117,"column":24}},{"start":{"line":117,"column":24},"end":{"line":117,"column":null}}],"line":117},"19":{"loc":{"start":{"line":129,"column":20},"end":{"line":129,"column":null}},"type":"binary-expr","locations":[{"start":{"line":129,"column":20},"end":{"line":129,"column":57}},{"start":{"line":129,"column":57},"end":{"line":129,"column":null}}],"line":129},"20":{"loc":{"start":{"line":145,"column":26},"end":{"line":145,"column":null}},"type":"binary-expr","locations":[{"start":{"line":145,"column":26},"end":{"line":145,"column":62}},{"start":{"line":145,"column":62},"end":{"line":145,"column":null}}],"line":145},"21":{"loc":{"start":{"line":146,"column":28},"end":{"line":146,"column":null}},"type":"binary-expr","locations":[{"start":{"line":146,"column":28},"end":{"line":146,"column":65}},{"start":{"line":146,"column":65},"end":{"line":146,"column":null}}],"line":146},"22":{"loc":{"start":{"line":147,"column":27},"end":{"line":147,"column":null}},"type":"cond-expr","locations":[{"start":{"line":147,"column":53},"end":{"line":147,"column":71}},{"start":{"line":147,"column":71},"end":{"line":147,"column":null}}],"line":147},"23":{"loc":{"start":{"line":155,"column":27},"end":{"line":155,"column":null}},"type":"binary-expr","locations":[{"start":{"line":155,"column":27},"end":{"line":155,"column":76}},{"start":{"line":155,"column":76},"end":{"line":155,"column":null}}],"line":155},"24":{"loc":{"start":{"line":156,"column":25},"end":{"line":156,"column":null}},"type":"binary-expr","locations":[{"start":{"line":156,"column":25},"end":{"line":156,"column":72}},{"start":{"line":156,"column":72},"end":{"line":156,"column":null}}],"line":156},"25":{"loc":{"start":{"line":158,"column":6},"end":{"line":158,"column":null}},"type":"if","locations":[{"start":{"line":158,"column":6},"end":{"line":158,"column":null}},{"start":{},"end":{}}],"line":158},"26":{"loc":{"start":{"line":158,"column":10},"end":{"line":158,"column":37}},"type":"binary-expr","locations":[{"start":{"line":158,"column":10},"end":{"line":158,"column":26}},{"start":{"line":158,"column":26},"end":{"line":158,"column":37}}],"line":158},"27":{"loc":{"start":{"line":159,"column":6},"end":{"line":159,"column":null}},"type":"if","locations":[{"start":{"line":159,"column":6},"end":{"line":159,"column":null}},{"start":{},"end":{}}],"line":159},"28":{"loc":{"start":{"line":159,"column":10},"end":{"line":159,"column":34}},"type":"binary-expr","locations":[{"start":{"line":159,"column":10},"end":{"line":159,"column":24}},{"start":{"line":159,"column":24},"end":{"line":159,"column":34}}],"line":159},"29":{"loc":{"start":{"line":167,"column":6},"end":{"line":167,"column":null}},"type":"if","locations":[{"start":{"line":167,"column":6},"end":{"line":167,"column":null}},{"start":{},"end":{}}],"line":167},"30":{"loc":{"start":{"line":184,"column":4},"end":{"line":188,"column":null}},"type":"if","locations":[{"start":{"line":184,"column":4},"end":{"line":188,"column":null}},{"start":{"line":186,"column":11},"end":{"line":188,"column":null}}],"line":184},"31":{"loc":{"start":{"line":186,"column":11},"end":{"line":188,"column":null}},"type":"if","locations":[{"start":{"line":186,"column":11},"end":{"line":188,"column":null}},{"start":{},"end":{}}],"line":186},"32":{"loc":{"start":{"line":193,"column":2},"end":{"line":195,"column":null}},"type":"if","locations":[{"start":{"line":193,"column":2},"end":{"line":195,"column":null}},{"start":{},"end":{}}],"line":193},"33":{"loc":{"start":{"line":215,"column":21},"end":{"line":215,"column":null}},"type":"binary-expr","locations":[{"start":{"line":215,"column":21},"end":{"line":215,"column":65}},{"start":{"line":215,"column":65},"end":{"line":215,"column":null}}],"line":215},"34":{"loc":{"start":{"line":222,"column":2},"end":{"line":222,"column":null}},"type":"if","locations":[{"start":{"line":222,"column":2},"end":{"line":222,"column":null}},{"start":{},"end":{}}],"line":222},"35":{"loc":{"start":{"line":229,"column":35},"end":{"line":229,"column":53}},"type":"default-arg","locations":[{"start":{"line":229,"column":46},"end":{"line":229,"column":53}}],"line":229},"36":{"loc":{"start":{"line":233,"column":2},"end":{"line":233,"column":null}},"type":"if","locations":[{"start":{"line":233,"column":2},"end":{"line":233,"column":null}},{"start":{},"end":{}}],"line":233},"37":{"loc":{"start":{"line":233,"column":6},"end":{"line":233,"column":43}},"type":"binary-expr","locations":[{"start":{"line":233,"column":6},"end":{"line":233,"column":26}},{"start":{"line":233,"column":26},"end":{"line":233,"column":43}}],"line":233},"38":{"loc":{"start":{"line":236,"column":10},"end":{"line":236,"column":null}},"type":"cond-expr","locations":[{"start":{"line":236,"column":21},"end":{"line":236,"column":37}},{"start":{"line":236,"column":37},"end":{"line":236,"column":null}}],"line":236},"39":{"loc":{"start":{"line":258,"column":2},"end":{"line":258,"column":null}},"type":"if","locations":[{"start":{"line":258,"column":2},"end":{"line":258,"column":null}},{"start":{},"end":{}}],"line":258},"40":{"loc":{"start":{"line":276,"column":33},"end":{"line":276,"column":null}},"type":"cond-expr","locations":[{"start":{"line":276,"column":44},"end":{"line":276,"column":54}},{"start":{"line":276,"column":54},"end":{"line":276,"column":null}}],"line":276},"41":{"loc":{"start":{"line":282,"column":2},"end":{"line":285,"column":null}},"type":"if","locations":[{"start":{"line":282,"column":2},"end":{"line":285,"column":null}},{"start":{},"end":{}}],"line":282},"42":{"loc":{"start":{"line":296,"column":2},"end":{"line":298,"column":null}},"type":"if","locations":[{"start":{"line":296,"column":2},"end":{"line":298,"column":null}},{"start":{},"end":{}}],"line":296},"43":{"loc":{"start":{"line":296,"column":6},"end":{"line":296,"column":77}},"type":"binary-expr","locations":[{"start":{"line":296,"column":6},"end":{"line":296,"column":40}},{"start":{"line":296,"column":40},"end":{"line":296,"column":77}}],"line":296},"44":{"loc":{"start":{"line":315,"column":2},"end":{"line":317,"column":null}},"type":"if","locations":[{"start":{"line":315,"column":2},"end":{"line":317,"column":null}},{"start":{},"end":{}}],"line":315},"45":{"loc":{"start":{"line":315,"column":6},"end":{"line":315,"column":92}},"type":"binary-expr","locations":[{"start":{"line":315,"column":6},"end":{"line":315,"column":37}},{"start":{"line":315,"column":37},"end":{"line":315,"column":66}},{"start":{"line":315,"column":66},"end":{"line":315,"column":92}}],"line":315}},"s":{"0":1,"1":1,"2":1,"3":1,"4":1,"5":1,"6":1,"7":1,"8":1,"9":1,"10":1,"11":1,"12":1,"13":1,"14":1,"15":1,"16":1,"17":1,"18":12,"19":12,"20":12,"21":12,"22":12,"23":12,"24":0,"25":0,"26":0,"27":12,"28":1,"29":11,"30":11,"31":11,"32":11,"33":11,"34":0,"35":11,"36":11,"37":11,"38":0,"39":0,"40":12,"41":12,"42":0,"43":0,"44":12,"45":12,"46":12,"47":12,"48":12,"49":12,"50":12,"51":24,"52":24,"53":12,"54":12,"55":24,"56":1,"57":1,"58":1,"59":1,"60":1,"61":1,"62":1,"63":0,"64":0,"65":12,"66":24,"67":1,"68":1,"69":1,"70":1,"71":1,"72":12,"73":1,"74":1,"75":1,"76":2,"77":1,"78":1,"79":1,"80":1,"81":1,"82":12,"83":1,"84":0,"85":1,"86":1,"87":12,"88":1,"89":1,"90":1,"91":1,"92":0,"93":1,"94":1,"95":0,"96":1,"97":1,"98":0,"99":1,"100":1,"101":97,"102":96,"103":1,"104":4,"105":3,"106":12,"107":3,"108":3,"109":3,"110":1,"111":1,"112":0,"113":1,"114":1,"115":2,"116":2,"117":2,"118":0,"119":2,"120":2,"121":2,"122":1,"123":1,"124":0,"125":1,"126":1,"127":1,"128":1,"129":1,"130":1,"131":1,"132":1,"133":1,"134":2,"135":2,"136":1,"137":1,"138":1,"139":1,"140":1,"141":1,"142":1,"143":1,"144":1,"145":1,"146":1,"147":1,"148":1,"149":1,"150":1,"151":1,"152":0,"153":0,"154":0,"155":1},"f":{"0":12,"1":12,"2":11,"3":0,"4":12,"5":12,"6":24,"7":24,"8":24,"9":1,"10":0,"11":24,"12":1,"13":1,"14":1,"15":2,"16":1,"17":1,"18":1,"19":1,"20":97,"21":96,"22":4,"23":3,"24":12,"25":1,"26":1,"27":2,"28":2,"29":0,"30":1,"31":1,"32":1,"33":1,"34":2,"35":1,"36":1,"37":1,"38":1,"39":1,"40":0},"b":{"0":[12],"1":[7,5],"2":[12,0],"3":[12,12],"4":[1,11],"5":[11,0],"6":[0,11],"7":[11,0],"8":[12,0],"9":[0,12],"10":[12,0],"11":[24,24],"12":[24,0],"13":[12,0],"14":[12,0],"15":[0,12],"16":[12,0],"17":[12,0],"18":[12,0],"19":[1,0],"20":[1,0],"21":[1,0],"22":[1,0],"23":[1,0],"24":[1,0],"25":[1,0],"26":[1,1],"27":[1,0],"28":[1,1],"29":[0,1],"30":[0,1],"31":[1,0],"32":[0,1],"33":[3,0],"34":[0,1],"35":[2],"36":[0,2],"37":[2,0],"38":[1,1],"39":[0,1],"40":[1,1],"41":[1,0],"42":[1,0],"43":[1,0],"44":[0,0],"45":[0,0,0]},"meta":{"lastBranch":46,"lastFunction":41,"lastStatement":156,"seen":{"s:4:20:4:Infinity":0,"s:5:21:5:Infinity":1,"s:6:20:6:Infinity":2,"s:9:19:9:Infinity":3,"s:10:18:10:Infinity":4,"s:11:20:11:Infinity":5,"s:12:21:12:Infinity":6,"s:15:30:15:Infinity":7,"s:16:23:16:Infinity":8,"s:17:18:17:Infinity":9,"s:18:17:18:Infinity":10,"s:19:27:19:Infinity":11,"s:22:24:22:Infinity":12,"s:23:23:23:Infinity":13,"s:26:20:26:Infinity":14,"s:28:58:28:Infinity":15,"s:29:26:29:Infinity":16,"s:30:30:30:Infinity":17,"f:32:15:32:27":0,"b:32:35:32:39":0,"s:33:34:35:Infinity":18,"b:34:6:34:Infinity:35:6:35:Infinity":1,"s:37:2:48:Infinity":19,"s:38:33:38:Infinity":20,"b:39:4:44:Infinity:42:11:44:Infinity":2,"s:39:4:44:Infinity":21,"b:39:8:39:24:39:24:39:49":3,"s:40:23:40:Infinity":22,"s:41:6:41:Infinity":23,"s:43:6:43:Infinity":24,"s:46:4:46:Infinity":25,"s:47:4:47:Infinity":26,"f:51:9:51:25":1,"b:52:2:52:Infinity:undefined:undefined:undefined:undefined":4,"s:52:2:52:Infinity":27,"s:52:31:52:Infinity":28,"s:54:14:54:Infinity":29,"s:55:17:55:Infinity":30,"b:56:2:56:Infinity:undefined:undefined:undefined:undefined":5,"s:56:2:56:Infinity":31,"s:56:33:56:Infinity":32,"b:57:2:57:Infinity:undefined:undefined:undefined:undefined":6,"s:57:2:57:Infinity":33,"s:57:34:57:Infinity":34,"s:59:2:62:Infinity":35,"f:59:15:59:22":2,"s:60:16:60:Infinity":36,"b:60:23:60:50:60:50:60:Infinity":7,"s:61:4:61:Infinity":37,"f:65:9:65:23":3,"s:66:2:66:Infinity":38,"s:67:2:67:Infinity":39,"f:75:9:75:23":4,"s:76:2:76:Infinity":40,"b:76:69:76:79:76:79:76:Infinity":8,"b:78:2:81:Infinity:undefined:undefined:undefined:undefined":9,"s:78:2:81:Infinity":41,"s:79:4:79:Infinity":42,"s:80:4:80:Infinity":43,"s:83:2:83:Infinity":44,"s:85:2:176:Infinity":45,"f:85:8:85:17":5,"s:86:17:86:Infinity":46,"s:87:19:87:Infinity":47,"b:87:48:87:62:87:62:87:Infinity":10,"s:89:19:89:Infinity":48,"s:90:4:90:Infinity":49,"s:92:23:103:Infinity":50,"f:93:7:93:15":6,"s:93:26:93:62":51,"b:93:26:93:37:93:37:93:62":11,"f:94:7:94:12":7,"s:94:23:103:8":52,"b:96:79:96:89:96:89:96:96":12,"s:105:4:121:Infinity":53,"b:109:51:109:67:109:67:109:83":13,"b:110:97:110:121:110:121:110:125":14,"b:110:147:110:164:110:164:110:167":15,"b:112:86:112:101:112:101:112:113":16,"b:114:47:114:69:114:69:114:79":17,"b:117:10:117:24:117:24:117:Infinity":18,"s:126:4:139:Infinity":54,"f:126:47:126:56":8,"s:127:6:138:Infinity":55,"f:127:36:127:43":9,"s:128:23:128:Infinity":56,"s:129:20:129:Infinity":57,"b:129:20:129:57:129:57:129:Infinity":19,"s:130:8:130:Infinity":58,"s:131:29:131:Infinity":59,"s:132:8:132:Infinity":60,"s:133:8:133:Infinity":61,"s:134:8:137:Infinity":62,"f:134:8:134:25":10,"s:135:10:135:Infinity":63,"s:136:10:136:Infinity":64,"s:142:4:151:Infinity":65,"f:142:47:142:56":11,"s:143:6:150:Infinity":66,"f:143:27:143:37":12,"s:144:23:144:Infinity":67,"s:145:26:145:Infinity":68,"b:145:26:145:62:145:62:145:Infinity":20,"s:146:28:146:Infinity":69,"b:146:28:146:65:146:65:146:Infinity":21,"s:147:27:147:Infinity":70,"b:147:53:147:71:147:71:147:Infinity":22,"s:149:8:149:Infinity":71,"s:154:4:163:Infinity":72,"f:154:70:154:85":13,"s:155:27:155:Infinity":73,"b:155:27:155:76:155:76:155:Infinity":23,"f:155:34:155:40":14,"s:155:51:155:71":74,"s:156:25:156:Infinity":75,"b:156:25:156:72:156:72:156:Infinity":24,"f:156:32:156:38":15,"s:156:49:156:67":76,"b:158:6:158:Infinity:undefined:undefined:undefined:undefined":25,"s:158:6:158:Infinity":77,"b:158:10:158:26:158:26:158:37":26,"s:158:37:158:Infinity":78,"b:159:6:159:Infinity:undefined:undefined:undefined:undefined":27,"s:159:6:159:Infinity":79,"b:159:10:159:24:159:24:159:34":28,"s:159:34:159:Infinity":80,"s:162:6:162:Infinity":81,"s:166:4:173:Infinity":82,"f:166:72:166:84":16,"b:167:6:167:Infinity:undefined:undefined:undefined:undefined":29,"s:167:6:167:Infinity":83,"s:167:21:167:Infinity":84,"s:168:6:171:Infinity":85,"s:172:6:172:Infinity":86,"s:175:4:175:Infinity":87,"f:179:9:179:18":17,"s:180:2:180:Infinity":88,"s:181:16:181:Infinity":89,"s:183:2:190:Infinity":90,"f:183:32:183:36":18,"b:184:4:188:Infinity:186:11:188:Infinity":30,"s:184:4:188:Infinity":91,"s:185:6:185:Infinity":92,"b:186:11:188:Infinity:undefined:undefined:undefined:undefined":31,"s:186:11:188:Infinity":93,"s:187:6:187:Infinity":94,"s:189:4:189:Infinity":95,"s:192:2:192:Infinity":96,"b:193:2:195:Infinity:undefined:undefined:undefined:undefined":32,"s:193:2:195:Infinity":97,"s:194:4:194:Infinity":98,"s:198:0:200:Infinity":99,"f:198:30:198:45":19,"s:199:2:199:Infinity":100,"f:202:9:202:20":20,"s:203:2:203:Infinity":101,"f:206:9:206:20":21,"s:207:2:207:Infinity":102,"s:211:0:218:Infinity":103,"f:211:12:211:20":22,"s:212:2:217:Infinity":104,"f:212:24:212:39":23,"s:213:4:213:Infinity":105,"f:213:16:213:24":24,"s:213:29:213:60":106,"s:214:4:214:Infinity":107,"s:215:4:215:Infinity":108,"b:215:21:215:65:215:65:215:Infinity":33,"s:216:4:216:Infinity":109,"s:221:0:226:Infinity":110,"f:221:29:221:44":25,"b:222:2:222:Infinity:undefined:undefined:undefined:undefined":34,"s:222:2:222:Infinity":111,"s:222:22:222:Infinity":112,"s:223:2:225:Infinity":113,"f:223:26:223:43":26,"s:224:4:224:Infinity":114,"f:229:9:229:35":27,"b:229:46:229:53":35,"s:230:19:230:Infinity":115,"s:231:18:231:Infinity":116,"b:233:2:233:Infinity:undefined:undefined:undefined:undefined":36,"s:233:2:233:Infinity":117,"b:233:6:233:26:233:26:233:43":37,"s:233:43:233:Infinity":118,"s:235:34:250:Infinity":119,"b:236:21:236:37:236:37:236:Infinity":38,"s:252:2:254:Infinity":120,"f:252:38:252:49":28,"s:253:4:253:Infinity":121,"f:254:5:254:17":29,"s:257:0:262:Infinity":122,"f:257:32:257:47":30,"b:258:2:258:Infinity:undefined:undefined:undefined:undefined":39,"s:258:2:258:Infinity":123,"s:258:26:258:Infinity":124,"s:259:2:261:Infinity":125,"f:259:30:259:47":31,"s:260:4:260:Infinity":126,"s:264:0:267:Infinity":127,"f:264:32:264:43":32,"s:265:2:265:Infinity":128,"s:266:2:266:Infinity":129,"s:269:0:272:Infinity":130,"f:269:36:269:51":33,"s:270:2:270:Infinity":131,"s:271:2:271:Infinity":132,"s:274:0:277:Infinity":133,"f:274:39:274:54":34,"s:275:19:275:Infinity":134,"s:276:2:276:Infinity":135,"b:276:44:276:54:276:54:276:Infinity":40,"s:280:0:286:Infinity":136,"f:280:42:280:49":35,"s:281:2:281:Infinity":137,"b:282:2:285:Infinity:undefined:undefined:undefined:undefined":41,"s:282:2:285:Infinity":138,"s:283:4:283:Infinity":139,"s:284:4:284:Infinity":140,"s:289:0:292:Infinity":141,"f:289:32:289:42":36,"s:290:2:290:Infinity":142,"s:291:2:291:Infinity":143,"s:295:0:299:Infinity":144,"f:295:26:295:39":37,"b:296:2:298:Infinity:undefined:undefined:undefined:undefined":42,"s:296:2:298:Infinity":145,"b:296:6:296:40:296:40:296:77":43,"s:297:4:297:Infinity":146,"s:302:0:304:Infinity":147,"f:302:24:302:39":38,"s:303:2:303:Infinity":148,"s:306:0:308:Infinity":149,"f:306:26:306:44":39,"s:307:2:307:Infinity":150,"s:312:0:318:Infinity":151,"f:312:0:312:18":40,"s:313:19:313:Infinity":152,"b:315:2:317:Infinity:undefined:undefined:undefined:undefined":44,"s:315:2:317:Infinity":153,"b:315:6:315:37:315:37:315:66:315:66:315:92":45,"s:316:4:316:Infinity":154,"s:321:0:321:Infinity":155},"fnNames":{}}}
}
